2019-03-05 10:51:38,098 [INFO ] [main] - org.springframework.boot.StartupInfoLogger.logStarting[StartupInfoLogger.java:50] - Starting AmisRestApplication on LAPTOP-OKPFJSSL with PID 17344 (D:\IdeaProjects\amisbuild001\amis-rest\target\classes started by 86130 in D:\IdeaProjects\amisbuild001)
2019-03-05 10:51:38,099 [INFO ] [main] - org.springframework.boot.SpringApplication.logStartupProfileInfo[SpringApplication.java:675] - No active profile set, falling back to default profiles: default
2019-03-05 10:51:39,284 [INFO ] [main] - org.springframework.boot.web.embedded.tomcat.TomcatWebServer.initialize[TomcatWebServer.java:90] - Tomcat initialized with port(s): 8888 (http)
2019-03-05 10:51:39,296 [INFO ] [main] - org.apache.juli.logging.DirectJDKLog.log[DirectJDKLog.java:173] - Initializing ProtocolHandler ["http-nio-8888"]
2019-03-05 10:51:39,302 [INFO ] [main] - org.apache.juli.logging.DirectJDKLog.log[DirectJDKLog.java:173] - Starting service [Tomcat]
2019-03-05 10:51:39,303 [INFO ] [main] - org.apache.juli.logging.DirectJDKLog.log[DirectJDKLog.java:173] - Starting Servlet engine: [Apache Tomcat/9.0.16]
2019-03-05 10:51:39,307 [INFO ] [main] - org.apache.juli.logging.DirectJDKLog.log[DirectJDKLog.java:173] - The APR based Apache Tomcat Native library which allows optimal performance in production environments was not found on the java.library.path: [D:\Java\jdk1.8.0_201\bin;C:\Windows\Sun\Java\bin;C:\Windows\system32;C:\Windows;C:\Program Files (x86)\Common Files\Oracle\Java\javapath;C:\Program Files (x86)\Intel\Intel(R) Management Engine Components\iCLS\;C:\Program Files\Intel\Intel(R) Management Engine Components\iCLS\;C:\Windows\system32;C:\Windows;C:\Windows\System32\Wbem;C:\Windows\System32\WindowsPowerShell\v1.0\;C:\Windows\System32\OpenSSH\;C:\Program Files (x86)\Intel\Intel(R) Management Engine Components\DAL;C:\Program Files\Intel\Intel(R) Management Engine Components\DAL;"D:\Java\jdk1.8.0_201\bin;D:\Java\jdk1.8.0_201\jre\bin";D:\mysql-5.7.25-winx64\bin;%CATALINA_HOME%\bin;%MAVEN_HOME%\bin;C:\Users\86130\AppData\Local\Microsoft\WindowsApps;;.]
2019-03-05 10:51:39,421 [INFO ] [main] - org.apache.juli.logging.DirectJDKLog.log[DirectJDKLog.java:173] - Initializing Spring embedded WebApplicationContext
2019-03-05 10:51:39,421 [INFO ] [main] - org.springframework.boot.web.servlet.context.ServletWebServerApplicationContext.prepareWebApplicationContext[ServletWebServerApplicationContext.java:296] - Root WebApplicationContext: initialization completed in 1282 ms
2019-03-05 10:51:40,025 [INFO ] [main] - org.springframework.scheduling.concurrent.ExecutorConfigurationSupport.initialize[ExecutorConfigurationSupport.java:171] - Initializing ExecutorService 'applicationTaskExecutor'
2019-03-05 10:51:40,207 [INFO ] [main] - org.apache.juli.logging.DirectJDKLog.log[DirectJDKLog.java:173] - Starting ProtocolHandler ["http-nio-8888"]
2019-03-05 10:51:40,224 [INFO ] [main] - org.springframework.boot.web.embedded.tomcat.TomcatWebServer.start[TomcatWebServer.java:204] - Tomcat started on port(s): 8888 (http) with context path ''
2019-03-05 10:51:40,226 [INFO ] [main] - org.springframework.boot.StartupInfoLogger.logStarted[StartupInfoLogger.java:59] - Started AmisRestApplication in 2.559 seconds (JVM running for 3.816)
2019-03-05 10:53:03,499 [INFO ] [http-nio-8888-exec-2] - org.apache.juli.logging.DirectJDKLog.log[DirectJDKLog.java:173] - Initializing Spring DispatcherServlet 'dispatcherServlet'
2019-03-05 10:53:03,499 [INFO ] [http-nio-8888-exec-2] - org.springframework.web.servlet.FrameworkServlet.initServletBean[FrameworkServlet.java:524] - Initializing Servlet 'dispatcherServlet'
2019-03-05 10:53:03,505 [INFO ] [http-nio-8888-exec-2] - org.springframework.web.servlet.FrameworkServlet.initServletBean[FrameworkServlet.java:546] - Completed initialization in 6 ms
2019-03-05 10:53:03,515 [WARN ] [http-nio-8888-exec-2] - org.springframework.web.servlet.handler.AbstractHandlerExceptionResolver.logException[AbstractHandlerExceptionResolver.java:197] - Resolved [org.springframework.web.HttpRequestMethodNotSupportedException: Request method 'POST' not supported]
2019-03-05 10:54:22,885 [INFO ] [main] - org.springframework.boot.StartupInfoLogger.logStarting[StartupInfoLogger.java:50] - Starting AmisRestApplication on LAPTOP-OKPFJSSL with PID 6200 (D:\IdeaProjects\amisbuild001\amis-rest\target\classes started by 86130 in D:\IdeaProjects\amisbuild001)
2019-03-05 10:54:22,887 [INFO ] [main] - org.springframework.boot.SpringApplication.logStartupProfileInfo[SpringApplication.java:675] - No active profile set, falling back to default profiles: default
2019-03-05 10:54:23,726 [INFO ] [main] - org.springframework.boot.web.embedded.tomcat.TomcatWebServer.initialize[TomcatWebServer.java:90] - Tomcat initialized with port(s): 8888 (http)
2019-03-05 10:54:23,735 [INFO ] [main] - org.apache.juli.logging.DirectJDKLog.log[DirectJDKLog.java:173] - Initializing ProtocolHandler ["http-nio-8888"]
2019-03-05 10:54:23,742 [INFO ] [main] - org.apache.juli.logging.DirectJDKLog.log[DirectJDKLog.java:173] - Starting service [Tomcat]
2019-03-05 10:54:23,742 [INFO ] [main] - org.apache.juli.logging.DirectJDKLog.log[DirectJDKLog.java:173] - Starting Servlet engine: [Apache Tomcat/9.0.16]
2019-03-05 10:54:23,747 [INFO ] [main] - org.apache.juli.logging.DirectJDKLog.log[DirectJDKLog.java:173] - The APR based Apache Tomcat Native library which allows optimal performance in production environments was not found on the java.library.path: [D:\Java\jdk1.8.0_201\bin;C:\Windows\Sun\Java\bin;C:\Windows\system32;C:\Windows;C:\Program Files (x86)\Common Files\Oracle\Java\javapath;C:\Program Files (x86)\Intel\Intel(R) Management Engine Components\iCLS\;C:\Program Files\Intel\Intel(R) Management Engine Components\iCLS\;C:\Windows\system32;C:\Windows;C:\Windows\System32\Wbem;C:\Windows\System32\WindowsPowerShell\v1.0\;C:\Windows\System32\OpenSSH\;C:\Program Files (x86)\Intel\Intel(R) Management Engine Components\DAL;C:\Program Files\Intel\Intel(R) Management Engine Components\DAL;"D:\Java\jdk1.8.0_201\bin;D:\Java\jdk1.8.0_201\jre\bin";D:\mysql-5.7.25-winx64\bin;%CATALINA_HOME%\bin;%MAVEN_HOME%\bin;C:\Users\86130\AppData\Local\Microsoft\WindowsApps;;.]
2019-03-05 10:54:23,858 [INFO ] [main] - org.apache.juli.logging.DirectJDKLog.log[DirectJDKLog.java:173] - Initializing Spring embedded WebApplicationContext
2019-03-05 10:54:23,859 [INFO ] [main] - org.springframework.boot.web.servlet.context.ServletWebServerApplicationContext.prepareWebApplicationContext[ServletWebServerApplicationContext.java:296] - Root WebApplicationContext: initialization completed in 928 ms
2019-03-05 10:54:24,154 [INFO ] [main] - org.springframework.scheduling.concurrent.ExecutorConfigurationSupport.initialize[ExecutorConfigurationSupport.java:171] - Initializing ExecutorService 'applicationTaskExecutor'
2019-03-05 10:54:24,384 [INFO ] [main] - org.apache.juli.logging.DirectJDKLog.log[DirectJDKLog.java:173] - Starting ProtocolHandler ["http-nio-8888"]
2019-03-05 10:54:24,400 [INFO ] [main] - org.springframework.boot.web.embedded.tomcat.TomcatWebServer.start[TomcatWebServer.java:204] - Tomcat started on port(s): 8888 (http) with context path ''
2019-03-05 10:54:24,402 [INFO ] [main] - org.springframework.boot.StartupInfoLogger.logStarted[StartupInfoLogger.java:59] - Started AmisRestApplication in 2.058 seconds (JVM running for 2.944)
2019-03-05 10:54:30,903 [INFO ] [http-nio-8888-exec-2] - org.apache.juli.logging.DirectJDKLog.log[DirectJDKLog.java:173] - Initializing Spring DispatcherServlet 'dispatcherServlet'
2019-03-05 10:54:30,904 [INFO ] [http-nio-8888-exec-2] - org.springframework.web.servlet.FrameworkServlet.initServletBean[FrameworkServlet.java:524] - Initializing Servlet 'dispatcherServlet'
2019-03-05 10:54:30,909 [INFO ] [http-nio-8888-exec-2] - org.springframework.web.servlet.FrameworkServlet.initServletBean[FrameworkServlet.java:546] - Completed initialization in 5 ms
2019-03-05 10:54:30,982 [INFO ] [http-nio-8888-exec-2] - com.zaxxer.hikari.HikariDataSource.getConnection[HikariDataSource.java:110] - test - Starting...
2019-03-05 10:54:30,983 [WARN ] [http-nio-8888-exec-2] - com.zaxxer.hikari.util.DriverDataSource.<init>[DriverDataSource.java:68] - Registered driver with driverClassName=com.mysql.jdbc.Driver was not found, trying direct instantiation.
2019-03-05 10:54:31,210 [INFO ] [http-nio-8888-exec-2] - com.zaxxer.hikari.HikariDataSource.getConnection[HikariDataSource.java:123] - test - Start completed.
2019-03-05 11:07:47,633 [INFO ] [main] - org.springframework.boot.StartupInfoLogger.logStarting[StartupInfoLogger.java:50] - Starting AmisRestApplication on LAPTOP-OKPFJSSL with PID 6904 (D:\IdeaProjects\amisbuild001\amis-rest\target\classes started by 86130 in D:\IdeaProjects\amisbuild001)
2019-03-05 11:07:47,635 [INFO ] [main] - org.springframework.boot.SpringApplication.logStartupProfileInfo[SpringApplication.java:675] - No active profile set, falling back to default profiles: default
2019-03-05 11:07:48,478 [INFO ] [main] - org.springframework.boot.web.embedded.tomcat.TomcatWebServer.initialize[TomcatWebServer.java:90] - Tomcat initialized with port(s): 8888 (http)
2019-03-05 11:07:48,488 [INFO ] [main] - org.apache.juli.logging.DirectJDKLog.log[DirectJDKLog.java:173] - Initializing ProtocolHandler ["http-nio-8888"]
2019-03-05 11:07:48,495 [INFO ] [main] - org.apache.juli.logging.DirectJDKLog.log[DirectJDKLog.java:173] - Starting service [Tomcat]
2019-03-05 11:07:48,495 [INFO ] [main] - org.apache.juli.logging.DirectJDKLog.log[DirectJDKLog.java:173] - Starting Servlet engine: [Apache Tomcat/9.0.16]
2019-03-05 11:07:48,500 [INFO ] [main] - org.apache.juli.logging.DirectJDKLog.log[DirectJDKLog.java:173] - The APR based Apache Tomcat Native library which allows optimal performance in production environments was not found on the java.library.path: [D:\Java\jdk1.8.0_201\bin;C:\Windows\Sun\Java\bin;C:\Windows\system32;C:\Windows;C:\Program Files (x86)\Common Files\Oracle\Java\javapath;C:\Program Files (x86)\Intel\Intel(R) Management Engine Components\iCLS\;C:\Program Files\Intel\Intel(R) Management Engine Components\iCLS\;C:\Windows\system32;C:\Windows;C:\Windows\System32\Wbem;C:\Windows\System32\WindowsPowerShell\v1.0\;C:\Windows\System32\OpenSSH\;C:\Program Files (x86)\Intel\Intel(R) Management Engine Components\DAL;C:\Program Files\Intel\Intel(R) Management Engine Components\DAL;"D:\Java\jdk1.8.0_201\bin;D:\Java\jdk1.8.0_201\jre\bin";D:\mysql-5.7.25-winx64\bin;%CATALINA_HOME%\bin;%MAVEN_HOME%\bin;C:\Users\86130\AppData\Local\Microsoft\WindowsApps;;.]
2019-03-05 11:07:48,611 [INFO ] [main] - org.apache.juli.logging.DirectJDKLog.log[DirectJDKLog.java:173] - Initializing Spring embedded WebApplicationContext
2019-03-05 11:07:48,612 [INFO ] [main] - org.springframework.boot.web.servlet.context.ServletWebServerApplicationContext.prepareWebApplicationContext[ServletWebServerApplicationContext.java:296] - Root WebApplicationContext: initialization completed in 908 ms
2019-03-05 11:07:48,976 [INFO ] [main] - org.springframework.scheduling.concurrent.ExecutorConfigurationSupport.initialize[ExecutorConfigurationSupport.java:171] - Initializing ExecutorService 'applicationTaskExecutor'
2019-03-05 11:07:49,138 [INFO ] [main] - org.apache.juli.logging.DirectJDKLog.log[DirectJDKLog.java:173] - Starting ProtocolHandler ["http-nio-8888"]
2019-03-05 11:07:49,155 [INFO ] [main] - org.springframework.boot.web.embedded.tomcat.TomcatWebServer.start[TomcatWebServer.java:204] - Tomcat started on port(s): 8888 (http) with context path ''
2019-03-05 11:07:49,158 [INFO ] [main] - org.springframework.boot.StartupInfoLogger.logStarted[StartupInfoLogger.java:59] - Started AmisRestApplication in 2.027 seconds (JVM running for 2.94)
2019-03-05 11:07:59,984 [INFO ] [http-nio-8888-exec-2] - org.apache.juli.logging.DirectJDKLog.log[DirectJDKLog.java:173] - Initializing Spring DispatcherServlet 'dispatcherServlet'
2019-03-05 11:07:59,984 [INFO ] [http-nio-8888-exec-2] - org.springframework.web.servlet.FrameworkServlet.initServletBean[FrameworkServlet.java:524] - Initializing Servlet 'dispatcherServlet'
2019-03-05 11:07:59,989 [INFO ] [http-nio-8888-exec-2] - org.springframework.web.servlet.FrameworkServlet.initServletBean[FrameworkServlet.java:546] - Completed initialization in 5 ms
2019-03-05 11:08:00,058 [INFO ] [http-nio-8888-exec-2] - com.zaxxer.hikari.HikariDataSource.getConnection[HikariDataSource.java:110] - test - Starting...
2019-03-05 11:08:00,060 [WARN ] [http-nio-8888-exec-2] - com.zaxxer.hikari.util.DriverDataSource.<init>[DriverDataSource.java:68] - Registered driver with driverClassName=com.mysql.jdbc.Driver was not found, trying direct instantiation.
2019-03-05 11:08:00,136 [INFO ] [http-nio-8888-exec-2] - com.zaxxer.hikari.HikariDataSource.getConnection[HikariDataSource.java:123] - test - Start completed.
2019-03-05 11:09:48,272 [INFO ] [main] - org.springframework.boot.StartupInfoLogger.logStarting[StartupInfoLogger.java:50] - Starting AmisRestApplication on LAPTOP-OKPFJSSL with PID 14736 (D:\IdeaProjects\amisbuild001\amis-rest\target\classes started by 86130 in D:\IdeaProjects\amisbuild001)
2019-03-05 11:09:48,273 [INFO ] [main] - org.springframework.boot.SpringApplication.logStartupProfileInfo[SpringApplication.java:675] - No active profile set, falling back to default profiles: default
2019-03-05 11:09:49,118 [INFO ] [main] - org.springframework.boot.web.embedded.tomcat.TomcatWebServer.initialize[TomcatWebServer.java:90] - Tomcat initialized with port(s): 8888 (http)
2019-03-05 11:09:49,127 [INFO ] [main] - org.apache.juli.logging.DirectJDKLog.log[DirectJDKLog.java:173] - Initializing ProtocolHandler ["http-nio-8888"]
2019-03-05 11:09:49,133 [INFO ] [main] - org.apache.juli.logging.DirectJDKLog.log[DirectJDKLog.java:173] - Starting service [Tomcat]
2019-03-05 11:09:49,133 [INFO ] [main] - org.apache.juli.logging.DirectJDKLog.log[DirectJDKLog.java:173] - Starting Servlet engine: [Apache Tomcat/9.0.16]
2019-03-05 11:09:49,138 [INFO ] [main] - org.apache.juli.logging.DirectJDKLog.log[DirectJDKLog.java:173] - The APR based Apache Tomcat Native library which allows optimal performance in production environments was not found on the java.library.path: [D:\Java\jdk1.8.0_201\bin;C:\Windows\Sun\Java\bin;C:\Windows\system32;C:\Windows;C:\Program Files (x86)\Common Files\Oracle\Java\javapath;C:\Program Files (x86)\Intel\Intel(R) Management Engine Components\iCLS\;C:\Program Files\Intel\Intel(R) Management Engine Components\iCLS\;C:\Windows\system32;C:\Windows;C:\Windows\System32\Wbem;C:\Windows\System32\WindowsPowerShell\v1.0\;C:\Windows\System32\OpenSSH\;C:\Program Files (x86)\Intel\Intel(R) Management Engine Components\DAL;C:\Program Files\Intel\Intel(R) Management Engine Components\DAL;"D:\Java\jdk1.8.0_201\bin;D:\Java\jdk1.8.0_201\jre\bin";D:\mysql-5.7.25-winx64\bin;%CATALINA_HOME%\bin;%MAVEN_HOME%\bin;C:\Users\86130\AppData\Local\Microsoft\WindowsApps;;.]
2019-03-05 11:09:49,249 [INFO ] [main] - org.apache.juli.logging.DirectJDKLog.log[DirectJDKLog.java:173] - Initializing Spring embedded WebApplicationContext
2019-03-05 11:09:49,249 [INFO ] [main] - org.springframework.boot.web.servlet.context.ServletWebServerApplicationContext.prepareWebApplicationContext[ServletWebServerApplicationContext.java:296] - Root WebApplicationContext: initialization completed in 933 ms
2019-03-05 11:09:49,604 [INFO ] [main] - org.springframework.scheduling.concurrent.ExecutorConfigurationSupport.initialize[ExecutorConfigurationSupport.java:171] - Initializing ExecutorService 'applicationTaskExecutor'
2019-03-05 11:09:49,773 [INFO ] [main] - org.apache.juli.logging.DirectJDKLog.log[DirectJDKLog.java:173] - Starting ProtocolHandler ["http-nio-8888"]
2019-03-05 11:09:49,793 [INFO ] [main] - org.springframework.boot.web.embedded.tomcat.TomcatWebServer.start[TomcatWebServer.java:204] - Tomcat started on port(s): 8888 (http) with context path ''
2019-03-05 11:09:49,796 [INFO ] [main] - org.springframework.boot.StartupInfoLogger.logStarted[StartupInfoLogger.java:59] - Started AmisRestApplication in 2.006 seconds (JVM running for 2.908)
2019-03-05 11:09:54,727 [INFO ] [http-nio-8888-exec-2] - org.apache.juli.logging.DirectJDKLog.log[DirectJDKLog.java:173] - Initializing Spring DispatcherServlet 'dispatcherServlet'
2019-03-05 11:09:54,728 [INFO ] [http-nio-8888-exec-2] - org.springframework.web.servlet.FrameworkServlet.initServletBean[FrameworkServlet.java:524] - Initializing Servlet 'dispatcherServlet'
2019-03-05 11:09:54,732 [INFO ] [http-nio-8888-exec-2] - org.springframework.web.servlet.FrameworkServlet.initServletBean[FrameworkServlet.java:546] - Completed initialization in 4 ms
2019-03-05 11:09:54,794 [INFO ] [http-nio-8888-exec-2] - com.zaxxer.hikari.HikariDataSource.getConnection[HikariDataSource.java:110] - test - Starting...
2019-03-05 11:09:54,795 [WARN ] [http-nio-8888-exec-2] - com.zaxxer.hikari.util.DriverDataSource.<init>[DriverDataSource.java:68] - Registered driver with driverClassName=com.mysql.jdbc.Driver was not found, trying direct instantiation.
2019-03-05 11:09:54,862 [INFO ] [http-nio-8888-exec-2] - com.zaxxer.hikari.HikariDataSource.getConnection[HikariDataSource.java:123] - test - Start completed.
2019-03-05 11:12:15,086 [INFO ] [main] - org.springframework.boot.StartupInfoLogger.logStarting[StartupInfoLogger.java:50] - Starting AmisRestApplication on LAPTOP-OKPFJSSL with PID 13640 (D:\IdeaProjects\amisbuild001\amis-rest\target\classes started by 86130 in D:\IdeaProjects\amisbuild001)
2019-03-05 11:12:15,088 [INFO ] [main] - org.springframework.boot.SpringApplication.logStartupProfileInfo[SpringApplication.java:675] - No active profile set, falling back to default profiles: default
2019-03-05 11:12:15,948 [INFO ] [main] - org.springframework.boot.web.embedded.tomcat.TomcatWebServer.initialize[TomcatWebServer.java:90] - Tomcat initialized with port(s): 8888 (http)
2019-03-05 11:12:15,957 [INFO ] [main] - org.apache.juli.logging.DirectJDKLog.log[DirectJDKLog.java:173] - Initializing ProtocolHandler ["http-nio-8888"]
2019-03-05 11:12:15,963 [INFO ] [main] - org.apache.juli.logging.DirectJDKLog.log[DirectJDKLog.java:173] - Starting service [Tomcat]
2019-03-05 11:12:15,964 [INFO ] [main] - org.apache.juli.logging.DirectJDKLog.log[DirectJDKLog.java:173] - Starting Servlet engine: [Apache Tomcat/9.0.16]
2019-03-05 11:12:15,969 [INFO ] [main] - org.apache.juli.logging.DirectJDKLog.log[DirectJDKLog.java:173] - The APR based Apache Tomcat Native library which allows optimal performance in production environments was not found on the java.library.path: [D:\Java\jdk1.8.0_201\bin;C:\Windows\Sun\Java\bin;C:\Windows\system32;C:\Windows;C:\Program Files (x86)\Common Files\Oracle\Java\javapath;C:\Program Files (x86)\Intel\Intel(R) Management Engine Components\iCLS\;C:\Program Files\Intel\Intel(R) Management Engine Components\iCLS\;C:\Windows\system32;C:\Windows;C:\Windows\System32\Wbem;C:\Windows\System32\WindowsPowerShell\v1.0\;C:\Windows\System32\OpenSSH\;C:\Program Files (x86)\Intel\Intel(R) Management Engine Components\DAL;C:\Program Files\Intel\Intel(R) Management Engine Components\DAL;"D:\Java\jdk1.8.0_201\bin;D:\Java\jdk1.8.0_201\jre\bin";D:\mysql-5.7.25-winx64\bin;%CATALINA_HOME%\bin;%MAVEN_HOME%\bin;C:\Users\86130\AppData\Local\Microsoft\WindowsApps;;.]
2019-03-05 11:12:16,081 [INFO ] [main] - org.apache.juli.logging.DirectJDKLog.log[DirectJDKLog.java:173] - Initializing Spring embedded WebApplicationContext
2019-03-05 11:12:16,081 [INFO ] [main] - org.springframework.boot.web.servlet.context.ServletWebServerApplicationContext.prepareWebApplicationContext[ServletWebServerApplicationContext.java:296] - Root WebApplicationContext: initialization completed in 922 ms
2019-03-05 11:12:16,479 [INFO ] [main] - org.springframework.scheduling.concurrent.ExecutorConfigurationSupport.initialize[ExecutorConfigurationSupport.java:171] - Initializing ExecutorService 'applicationTaskExecutor'
2019-03-05 11:12:16,679 [INFO ] [main] - org.apache.juli.logging.DirectJDKLog.log[DirectJDKLog.java:173] - Starting ProtocolHandler ["http-nio-8888"]
2019-03-05 11:12:16,697 [INFO ] [main] - org.springframework.boot.web.embedded.tomcat.TomcatWebServer.start[TomcatWebServer.java:204] - Tomcat started on port(s): 8888 (http) with context path ''
2019-03-05 11:12:16,699 [INFO ] [main] - org.springframework.boot.StartupInfoLogger.logStarted[StartupInfoLogger.java:59] - Started AmisRestApplication in 2.1 seconds (JVM running for 3.012)
2019-03-05 11:12:25,344 [INFO ] [http-nio-8888-exec-2] - org.apache.juli.logging.DirectJDKLog.log[DirectJDKLog.java:173] - Initializing Spring DispatcherServlet 'dispatcherServlet'
2019-03-05 11:12:25,344 [INFO ] [http-nio-8888-exec-2] - org.springframework.web.servlet.FrameworkServlet.initServletBean[FrameworkServlet.java:524] - Initializing Servlet 'dispatcherServlet'
2019-03-05 11:12:25,349 [INFO ] [http-nio-8888-exec-2] - org.springframework.web.servlet.FrameworkServlet.initServletBean[FrameworkServlet.java:546] - Completed initialization in 5 ms
2019-03-05 11:12:25,416 [INFO ] [http-nio-8888-exec-2] - com.zaxxer.hikari.HikariDataSource.getConnection[HikariDataSource.java:110] - test - Starting...
2019-03-05 11:12:25,418 [WARN ] [http-nio-8888-exec-2] - com.zaxxer.hikari.util.DriverDataSource.<init>[DriverDataSource.java:68] - Registered driver with driverClassName=com.mysql.jdbc.Driver was not found, trying direct instantiation.
2019-03-05 11:12:25,487 [INFO ] [http-nio-8888-exec-2] - com.zaxxer.hikari.HikariDataSource.getConnection[HikariDataSource.java:123] - test - Start completed.
2019-03-05 11:14:13,761 [INFO ] [main] - org.springframework.boot.StartupInfoLogger.logStarting[StartupInfoLogger.java:50] - Starting AmisRestApplication on LAPTOP-OKPFJSSL with PID 8400 (D:\IdeaProjects\amisbuild001\amis-rest\target\classes started by 86130 in D:\IdeaProjects\amisbuild001)
2019-03-05 11:14:13,762 [INFO ] [main] - org.springframework.boot.SpringApplication.logStartupProfileInfo[SpringApplication.java:675] - No active profile set, falling back to default profiles: default
2019-03-05 11:14:14,623 [INFO ] [main] - org.springframework.boot.web.embedded.tomcat.TomcatWebServer.initialize[TomcatWebServer.java:90] - Tomcat initialized with port(s): 8888 (http)
2019-03-05 11:14:14,633 [INFO ] [main] - org.apache.juli.logging.DirectJDKLog.log[DirectJDKLog.java:173] - Initializing ProtocolHandler ["http-nio-8888"]
2019-03-05 11:14:14,639 [INFO ] [main] - org.apache.juli.logging.DirectJDKLog.log[DirectJDKLog.java:173] - Starting service [Tomcat]
2019-03-05 11:14:14,640 [INFO ] [main] - org.apache.juli.logging.DirectJDKLog.log[DirectJDKLog.java:173] - Starting Servlet engine: [Apache Tomcat/9.0.16]
2019-03-05 11:14:14,644 [INFO ] [main] - org.apache.juli.logging.DirectJDKLog.log[DirectJDKLog.java:173] - The APR based Apache Tomcat Native library which allows optimal performance in production environments was not found on the java.library.path: [D:\Java\jdk1.8.0_201\bin;C:\Windows\Sun\Java\bin;C:\Windows\system32;C:\Windows;C:\Program Files (x86)\Common Files\Oracle\Java\javapath;C:\Program Files (x86)\Intel\Intel(R) Management Engine Components\iCLS\;C:\Program Files\Intel\Intel(R) Management Engine Components\iCLS\;C:\Windows\system32;C:\Windows;C:\Windows\System32\Wbem;C:\Windows\System32\WindowsPowerShell\v1.0\;C:\Windows\System32\OpenSSH\;C:\Program Files (x86)\Intel\Intel(R) Management Engine Components\DAL;C:\Program Files\Intel\Intel(R) Management Engine Components\DAL;"D:\Java\jdk1.8.0_201\bin;D:\Java\jdk1.8.0_201\jre\bin";D:\mysql-5.7.25-winx64\bin;%CATALINA_HOME%\bin;%MAVEN_HOME%\bin;C:\Users\86130\AppData\Local\Microsoft\WindowsApps;;.]
2019-03-05 11:14:14,754 [INFO ] [main] - org.apache.juli.logging.DirectJDKLog.log[DirectJDKLog.java:173] - Initializing Spring embedded WebApplicationContext
2019-03-05 11:14:14,755 [INFO ] [main] - org.springframework.boot.web.servlet.context.ServletWebServerApplicationContext.prepareWebApplicationContext[ServletWebServerApplicationContext.java:296] - Root WebApplicationContext: initialization completed in 954 ms
2019-03-05 11:14:15,051 [INFO ] [main] - org.springframework.scheduling.concurrent.ExecutorConfigurationSupport.initialize[ExecutorConfigurationSupport.java:171] - Initializing ExecutorService 'applicationTaskExecutor'
2019-03-05 11:14:15,284 [INFO ] [main] - org.apache.juli.logging.DirectJDKLog.log[DirectJDKLog.java:173] - Starting ProtocolHandler ["http-nio-8888"]
2019-03-05 11:14:15,309 [INFO ] [main] - org.springframework.boot.web.embedded.tomcat.TomcatWebServer.start[TomcatWebServer.java:204] - Tomcat started on port(s): 8888 (http) with context path ''
2019-03-05 11:14:15,312 [INFO ] [main] - org.springframework.boot.StartupInfoLogger.logStarted[StartupInfoLogger.java:59] - Started AmisRestApplication in 2.021 seconds (JVM running for 2.887)
2019-03-05 11:14:18,849 [INFO ] [http-nio-8888-exec-2] - org.apache.juli.logging.DirectJDKLog.log[DirectJDKLog.java:173] - Initializing Spring DispatcherServlet 'dispatcherServlet'
2019-03-05 11:14:18,849 [INFO ] [http-nio-8888-exec-2] - org.springframework.web.servlet.FrameworkServlet.initServletBean[FrameworkServlet.java:524] - Initializing Servlet 'dispatcherServlet'
2019-03-05 11:14:18,853 [INFO ] [http-nio-8888-exec-2] - org.springframework.web.servlet.FrameworkServlet.initServletBean[FrameworkServlet.java:546] - Completed initialization in 4 ms
2019-03-05 11:14:18,921 [INFO ] [http-nio-8888-exec-2] - com.zaxxer.hikari.HikariDataSource.getConnection[HikariDataSource.java:110] - test - Starting...
2019-03-05 11:14:18,923 [WARN ] [http-nio-8888-exec-2] - com.zaxxer.hikari.util.DriverDataSource.<init>[DriverDataSource.java:68] - Registered driver with driverClassName=com.mysql.jdbc.Driver was not found, trying direct instantiation.
2019-03-05 11:14:18,991 [INFO ] [http-nio-8888-exec-2] - com.zaxxer.hikari.HikariDataSource.getConnection[HikariDataSource.java:123] - test - Start completed.
2019-03-05 11:17:02,552 [INFO ] [main] - org.springframework.boot.StartupInfoLogger.logStarting[StartupInfoLogger.java:50] - Starting AmisRestApplication on LAPTOP-OKPFJSSL with PID 9632 (D:\IdeaProjects\amisbuild001\amis-rest\target\classes started by 86130 in D:\IdeaProjects\amisbuild001)
2019-03-05 11:17:02,554 [INFO ] [main] - org.springframework.boot.SpringApplication.logStartupProfileInfo[SpringApplication.java:675] - No active profile set, falling back to default profiles: default
2019-03-05 11:17:03,474 [INFO ] [main] - org.springframework.boot.web.embedded.tomcat.TomcatWebServer.initialize[TomcatWebServer.java:90] - Tomcat initialized with port(s): 8888 (http)
2019-03-05 11:17:03,483 [INFO ] [main] - org.apache.juli.logging.DirectJDKLog.log[DirectJDKLog.java:173] - Initializing ProtocolHandler ["http-nio-8888"]
2019-03-05 11:17:03,490 [INFO ] [main] - org.apache.juli.logging.DirectJDKLog.log[DirectJDKLog.java:173] - Starting service [Tomcat]
2019-03-05 11:17:03,490 [INFO ] [main] - org.apache.juli.logging.DirectJDKLog.log[DirectJDKLog.java:173] - Starting Servlet engine: [Apache Tomcat/9.0.16]
2019-03-05 11:17:03,495 [INFO ] [main] - org.apache.juli.logging.DirectJDKLog.log[DirectJDKLog.java:173] - The APR based Apache Tomcat Native library which allows optimal performance in production environments was not found on the java.library.path: [D:\Java\jdk1.8.0_201\bin;C:\Windows\Sun\Java\bin;C:\Windows\system32;C:\Windows;C:\Program Files (x86)\Common Files\Oracle\Java\javapath;C:\Program Files (x86)\Intel\Intel(R) Management Engine Components\iCLS\;C:\Program Files\Intel\Intel(R) Management Engine Components\iCLS\;C:\Windows\system32;C:\Windows;C:\Windows\System32\Wbem;C:\Windows\System32\WindowsPowerShell\v1.0\;C:\Windows\System32\OpenSSH\;C:\Program Files (x86)\Intel\Intel(R) Management Engine Components\DAL;C:\Program Files\Intel\Intel(R) Management Engine Components\DAL;"D:\Java\jdk1.8.0_201\bin;D:\Java\jdk1.8.0_201\jre\bin";D:\mysql-5.7.25-winx64\bin;%CATALINA_HOME%\bin;%MAVEN_HOME%\bin;C:\Users\86130\AppData\Local\Microsoft\WindowsApps;;.]
2019-03-05 11:17:03,604 [INFO ] [main] - org.apache.juli.logging.DirectJDKLog.log[DirectJDKLog.java:173] - Initializing Spring embedded WebApplicationContext
2019-03-05 11:17:03,605 [INFO ] [main] - org.springframework.boot.web.servlet.context.ServletWebServerApplicationContext.prepareWebApplicationContext[ServletWebServerApplicationContext.java:296] - Root WebApplicationContext: initialization completed in 1011 ms
2019-03-05 11:17:03,963 [INFO ] [main] - org.springframework.scheduling.concurrent.ExecutorConfigurationSupport.initialize[ExecutorConfigurationSupport.java:171] - Initializing ExecutorService 'applicationTaskExecutor'
2019-03-05 11:17:04,119 [INFO ] [main] - org.apache.juli.logging.DirectJDKLog.log[DirectJDKLog.java:173] - Starting ProtocolHandler ["http-nio-8888"]
2019-03-05 11:17:04,139 [INFO ] [main] - org.springframework.boot.web.embedded.tomcat.TomcatWebServer.start[TomcatWebServer.java:204] - Tomcat started on port(s): 8888 (http) with context path ''
2019-03-05 11:17:04,142 [INFO ] [main] - org.springframework.boot.StartupInfoLogger.logStarted[StartupInfoLogger.java:59] - Started AmisRestApplication in 2.093 seconds (JVM running for 3.009)
2019-03-05 11:17:08,377 [INFO ] [http-nio-8888-exec-1] - org.apache.juli.logging.DirectJDKLog.log[DirectJDKLog.java:173] - Initializing Spring DispatcherServlet 'dispatcherServlet'
2019-03-05 11:17:08,377 [INFO ] [http-nio-8888-exec-1] - org.springframework.web.servlet.FrameworkServlet.initServletBean[FrameworkServlet.java:524] - Initializing Servlet 'dispatcherServlet'
2019-03-05 11:17:08,384 [INFO ] [http-nio-8888-exec-1] - org.springframework.web.servlet.FrameworkServlet.initServletBean[FrameworkServlet.java:546] - Completed initialization in 6 ms
2019-03-05 11:17:08,471 [INFO ] [http-nio-8888-exec-1] - com.zaxxer.hikari.HikariDataSource.getConnection[HikariDataSource.java:110] - test - Starting...
2019-03-05 11:17:08,472 [WARN ] [http-nio-8888-exec-1] - com.zaxxer.hikari.util.DriverDataSource.<init>[DriverDataSource.java:68] - Registered driver with driverClassName=com.mysql.jdbc.Driver was not found, trying direct instantiation.
2019-03-05 11:17:08,541 [INFO ] [http-nio-8888-exec-1] - com.zaxxer.hikari.HikariDataSource.getConnection[HikariDataSource.java:123] - test - Start completed.
2019-03-05 11:24:04,093 [INFO ] [main] - org.springframework.boot.StartupInfoLogger.logStarting[StartupInfoLogger.java:50] - Starting AmisRestApplication on LAPTOP-OKPFJSSL with PID 20132 (D:\IdeaProjects\amisbuild001\amis-rest\target\classes started by 86130 in D:\IdeaProjects\amisbuild001)
2019-03-05 11:24:04,094 [INFO ] [main] - org.springframework.boot.SpringApplication.logStartupProfileInfo[SpringApplication.java:675] - No active profile set, falling back to default profiles: default
2019-03-05 11:24:04,947 [INFO ] [main] - org.springframework.boot.web.embedded.tomcat.TomcatWebServer.initialize[TomcatWebServer.java:90] - Tomcat initialized with port(s): 8888 (http)
2019-03-05 11:24:04,957 [INFO ] [main] - org.apache.juli.logging.DirectJDKLog.log[DirectJDKLog.java:173] - Initializing ProtocolHandler ["http-nio-8888"]
2019-03-05 11:24:04,963 [INFO ] [main] - org.apache.juli.logging.DirectJDKLog.log[DirectJDKLog.java:173] - Starting service [Tomcat]
2019-03-05 11:24:04,963 [INFO ] [main] - org.apache.juli.logging.DirectJDKLog.log[DirectJDKLog.java:173] - Starting Servlet engine: [Apache Tomcat/9.0.16]
2019-03-05 11:24:04,968 [INFO ] [main] - org.apache.juli.logging.DirectJDKLog.log[DirectJDKLog.java:173] - The APR based Apache Tomcat Native library which allows optimal performance in production environments was not found on the java.library.path: [D:\Java\jdk1.8.0_201\bin;C:\Windows\Sun\Java\bin;C:\Windows\system32;C:\Windows;C:\Program Files (x86)\Common Files\Oracle\Java\javapath;C:\Program Files (x86)\Intel\Intel(R) Management Engine Components\iCLS\;C:\Program Files\Intel\Intel(R) Management Engine Components\iCLS\;C:\Windows\system32;C:\Windows;C:\Windows\System32\Wbem;C:\Windows\System32\WindowsPowerShell\v1.0\;C:\Windows\System32\OpenSSH\;C:\Program Files (x86)\Intel\Intel(R) Management Engine Components\DAL;C:\Program Files\Intel\Intel(R) Management Engine Components\DAL;"D:\Java\jdk1.8.0_201\bin;D:\Java\jdk1.8.0_201\jre\bin";D:\mysql-5.7.25-winx64\bin;%CATALINA_HOME%\bin;%MAVEN_HOME%\bin;C:\Users\86130\AppData\Local\Microsoft\WindowsApps;;.]
2019-03-05 11:24:05,080 [INFO ] [main] - org.apache.juli.logging.DirectJDKLog.log[DirectJDKLog.java:173] - Initializing Spring embedded WebApplicationContext
2019-03-05 11:24:05,081 [INFO ] [main] - org.springframework.boot.web.servlet.context.ServletWebServerApplicationContext.prepareWebApplicationContext[ServletWebServerApplicationContext.java:296] - Root WebApplicationContext: initialization completed in 947 ms
2019-03-05 11:24:05,431 [INFO ] [main] - org.springframework.scheduling.concurrent.ExecutorConfigurationSupport.initialize[ExecutorConfigurationSupport.java:171] - Initializing ExecutorService 'applicationTaskExecutor'
2019-03-05 11:24:05,585 [INFO ] [main] - org.apache.juli.logging.DirectJDKLog.log[DirectJDKLog.java:173] - Starting ProtocolHandler ["http-nio-8888"]
2019-03-05 11:24:05,602 [INFO ] [main] - org.springframework.boot.web.embedded.tomcat.TomcatWebServer.start[TomcatWebServer.java:204] - Tomcat started on port(s): 8888 (http) with context path ''
2019-03-05 11:24:05,604 [INFO ] [main] - org.springframework.boot.StartupInfoLogger.logStarted[StartupInfoLogger.java:59] - Started AmisRestApplication in 2.006 seconds (JVM running for 2.856)
2019-03-05 11:24:13,326 [INFO ] [http-nio-8888-exec-1] - org.apache.juli.logging.DirectJDKLog.log[DirectJDKLog.java:173] - Initializing Spring DispatcherServlet 'dispatcherServlet'
2019-03-05 11:24:13,326 [INFO ] [http-nio-8888-exec-1] - org.springframework.web.servlet.FrameworkServlet.initServletBean[FrameworkServlet.java:524] - Initializing Servlet 'dispatcherServlet'
2019-03-05 11:24:13,330 [INFO ] [http-nio-8888-exec-1] - org.springframework.web.servlet.FrameworkServlet.initServletBean[FrameworkServlet.java:546] - Completed initialization in 4 ms
2019-03-05 11:24:13,417 [INFO ] [http-nio-8888-exec-1] - com.zaxxer.hikari.HikariDataSource.getConnection[HikariDataSource.java:110] - test - Starting...
2019-03-05 11:24:13,419 [WARN ] [http-nio-8888-exec-1] - com.zaxxer.hikari.util.DriverDataSource.<init>[DriverDataSource.java:68] - Registered driver with driverClassName=com.mysql.jdbc.Driver was not found, trying direct instantiation.
2019-03-05 11:24:13,489 [INFO ] [http-nio-8888-exec-1] - com.zaxxer.hikari.HikariDataSource.getConnection[HikariDataSource.java:123] - test - Start completed.
2019-03-05 11:26:36,513 [INFO ] [main] - org.springframework.boot.StartupInfoLogger.logStarting[StartupInfoLogger.java:50] - Starting AmisRestApplication on LAPTOP-OKPFJSSL with PID 17920 (D:\IdeaProjects\amisbuild001\amis-rest\target\classes started by 86130 in D:\IdeaProjects\amisbuild001)
2019-03-05 11:26:36,514 [INFO ] [main] - org.springframework.boot.SpringApplication.logStartupProfileInfo[SpringApplication.java:675] - No active profile set, falling back to default profiles: default
2019-03-05 11:26:37,401 [INFO ] [main] - org.springframework.boot.web.embedded.tomcat.TomcatWebServer.initialize[TomcatWebServer.java:90] - Tomcat initialized with port(s): 8888 (http)
2019-03-05 11:26:37,411 [INFO ] [main] - org.apache.juli.logging.DirectJDKLog.log[DirectJDKLog.java:173] - Initializing ProtocolHandler ["http-nio-8888"]
2019-03-05 11:26:37,417 [INFO ] [main] - org.apache.juli.logging.DirectJDKLog.log[DirectJDKLog.java:173] - Starting service [Tomcat]
2019-03-05 11:26:37,418 [INFO ] [main] - org.apache.juli.logging.DirectJDKLog.log[DirectJDKLog.java:173] - Starting Servlet engine: [Apache Tomcat/9.0.16]
2019-03-05 11:26:37,423 [INFO ] [main] - org.apache.juli.logging.DirectJDKLog.log[DirectJDKLog.java:173] - The APR based Apache Tomcat Native library which allows optimal performance in production environments was not found on the java.library.path: [D:\Java\jdk1.8.0_201\bin;C:\Windows\Sun\Java\bin;C:\Windows\system32;C:\Windows;C:\Program Files (x86)\Common Files\Oracle\Java\javapath;C:\Program Files (x86)\Intel\Intel(R) Management Engine Components\iCLS\;C:\Program Files\Intel\Intel(R) Management Engine Components\iCLS\;C:\Windows\system32;C:\Windows;C:\Windows\System32\Wbem;C:\Windows\System32\WindowsPowerShell\v1.0\;C:\Windows\System32\OpenSSH\;C:\Program Files (x86)\Intel\Intel(R) Management Engine Components\DAL;C:\Program Files\Intel\Intel(R) Management Engine Components\DAL;"D:\Java\jdk1.8.0_201\bin;D:\Java\jdk1.8.0_201\jre\bin";D:\mysql-5.7.25-winx64\bin;%CATALINA_HOME%\bin;%MAVEN_HOME%\bin;C:\Users\86130\AppData\Local\Microsoft\WindowsApps;;.]
2019-03-05 11:26:37,545 [INFO ] [main] - org.apache.juli.logging.DirectJDKLog.log[DirectJDKLog.java:173] - Initializing Spring embedded WebApplicationContext
2019-03-05 11:26:37,545 [INFO ] [main] - org.springframework.boot.web.servlet.context.ServletWebServerApplicationContext.prepareWebApplicationContext[ServletWebServerApplicationContext.java:296] - Root WebApplicationContext: initialization completed in 965 ms
2019-03-05 11:26:37,942 [INFO ] [main] - org.springframework.scheduling.concurrent.ExecutorConfigurationSupport.initialize[ExecutorConfigurationSupport.java:171] - Initializing ExecutorService 'applicationTaskExecutor'
2019-03-05 11:26:38,105 [INFO ] [main] - org.apache.juli.logging.DirectJDKLog.log[DirectJDKLog.java:173] - Starting ProtocolHandler ["http-nio-8888"]
2019-03-05 11:26:38,121 [INFO ] [main] - org.springframework.boot.web.embedded.tomcat.TomcatWebServer.start[TomcatWebServer.java:204] - Tomcat started on port(s): 8888 (http) with context path ''
2019-03-05 11:26:38,124 [INFO ] [main] - org.springframework.boot.StartupInfoLogger.logStarted[StartupInfoLogger.java:59] - Started AmisRestApplication in 2.128 seconds (JVM running for 3.031)
2019-03-05 11:26:43,635 [INFO ] [http-nio-8888-exec-3] - org.apache.juli.logging.DirectJDKLog.log[DirectJDKLog.java:173] - Initializing Spring DispatcherServlet 'dispatcherServlet'
2019-03-05 11:26:43,635 [INFO ] [http-nio-8888-exec-3] - org.springframework.web.servlet.FrameworkServlet.initServletBean[FrameworkServlet.java:524] - Initializing Servlet 'dispatcherServlet'
2019-03-05 11:26:43,639 [INFO ] [http-nio-8888-exec-3] - org.springframework.web.servlet.FrameworkServlet.initServletBean[FrameworkServlet.java:546] - Completed initialization in 4 ms
2019-03-05 11:26:43,705 [ERROR] [http-nio-8888-exec-3] - org.apache.juli.logging.DirectJDKLog.log[DirectJDKLog.java:175] - Servlet.service() for servlet [dispatcherServlet] in context with path [] threw exception [Request processing failed; nested exception is com.amis.common.exception.AmisException: ²ÎÊý´íÎó] with root cause
com.amis.common.exception.AmisException: ²ÎÊý´íÎó
	at com.amis.controller.user.UserController.getUser(UserController.java:64)
	at sun.reflect.NativeMethodAccessorImpl.invoke0(Native Method)
	at sun.reflect.NativeMethodAccessorImpl.invoke(NativeMethodAccessorImpl.java:62)
	at sun.reflect.DelegatingMethodAccessorImpl.invoke(DelegatingMethodAccessorImpl.java:43)
	at java.lang.reflect.Method.invoke(Method.java:498)
	at org.springframework.web.method.support.InvocableHandlerMethod.doInvoke(InvocableHandlerMethod.java:189)
	at org.springframework.web.method.support.InvocableHandlerMethod.invokeForRequest(InvocableHandlerMethod.java:138)
	at org.springframework.web.servlet.mvc.method.annotation.ServletInvocableHandlerMethod.invokeAndHandle(ServletInvocableHandlerMethod.java:102)
	at org.springframework.web.servlet.mvc.method.annotation.RequestMappingHandlerAdapter.invokeHandlerMethod(RequestMappingHandlerAdapter.java:895)
	at org.springframework.web.servlet.mvc.method.annotation.RequestMappingHandlerAdapter.handleInternal(RequestMappingHandlerAdapter.java:800)
	at org.springframework.web.servlet.mvc.method.AbstractHandlerMethodAdapter.handle(AbstractHandlerMethodAdapter.java:87)
	at org.springframework.web.servlet.DispatcherServlet.doDispatch(DispatcherServlet.java:1038)
	at org.springframework.web.servlet.DispatcherServlet.doService(DispatcherServlet.java:942)
	at org.springframework.web.servlet.FrameworkServlet.processRequest(FrameworkServlet.java:1005)
	at org.springframework.web.servlet.FrameworkServlet.doPost(FrameworkServlet.java:908)
	at javax.servlet.http.HttpServlet.service(HttpServlet.java:660)
	at org.springframework.web.servlet.FrameworkServlet.service(FrameworkServlet.java:882)
	at javax.servlet.http.HttpServlet.service(HttpServlet.java:741)
	at org.apache.catalina.core.ApplicationFilterChain.internalDoFilter(ApplicationFilterChain.java:231)
	at org.apache.catalina.core.ApplicationFilterChain.doFilter(ApplicationFilterChain.java:166)
	at org.apache.tomcat.websocket.server.WsFilter.doFilter(WsFilter.java:53)
	at org.apache.catalina.core.ApplicationFilterChain.internalDoFilter(ApplicationFilterChain.java:193)
	at org.apache.catalina.core.ApplicationFilterChain.doFilter(ApplicationFilterChain.java:166)
	at org.springframework.web.filter.RequestContextFilter.doFilterInternal(RequestContextFilter.java:99)
	at org.springframework.web.filter.OncePerRequestFilter.doFilter(OncePerRequestFilter.java:107)
	at org.apache.catalina.core.ApplicationFilterChain.internalDoFilter(ApplicationFilterChain.java:193)
	at org.apache.catalina.core.ApplicationFilterChain.doFilter(ApplicationFilterChain.java:166)
	at org.springframework.web.filter.FormContentFilter.doFilterInternal(FormContentFilter.java:92)
	at org.springframework.web.filter.OncePerRequestFilter.doFilter(OncePerRequestFilter.java:107)
	at org.apache.catalina.core.ApplicationFilterChain.internalDoFilter(ApplicationFilterChain.java:193)
	at org.apache.catalina.core.ApplicationFilterChain.doFilter(ApplicationFilterChain.java:166)
	at org.springframework.web.filter.HiddenHttpMethodFilter.doFilterInternal(HiddenHttpMethodFilter.java:93)
	at org.springframework.web.filter.OncePerRequestFilter.doFilter(OncePerRequestFilter.java:107)
	at org.apache.catalina.core.ApplicationFilterChain.internalDoFilter(ApplicationFilterChain.java:193)
	at org.apache.catalina.core.ApplicationFilterChain.doFilter(ApplicationFilterChain.java:166)
	at org.springframework.web.filter.CharacterEncodingFilter.doFilterInternal(CharacterEncodingFilter.java:200)
	at org.springframework.web.filter.OncePerRequestFilter.doFilter(OncePerRequestFilter.java:107)
	at org.apache.catalina.core.ApplicationFilterChain.internalDoFilter(ApplicationFilterChain.java:193)
	at org.apache.catalina.core.ApplicationFilterChain.doFilter(ApplicationFilterChain.java:166)
	at org.apache.catalina.core.StandardWrapperValve.invoke(StandardWrapperValve.java:200)
	at org.apache.catalina.core.StandardContextValve.invoke(StandardContextValve.java:96)
	at org.apache.catalina.authenticator.AuthenticatorBase.invoke(AuthenticatorBase.java:490)
	at org.apache.catalina.core.StandardHostValve.invoke(StandardHostValve.java:139)
	at org.apache.catalina.valves.ErrorReportValve.invoke(ErrorReportValve.java:92)
	at org.apache.catalina.core.StandardEngineValve.invoke(StandardEngineValve.java:74)
	at org.apache.catalina.connector.CoyoteAdapter.service(CoyoteAdapter.java:343)
	at org.apache.coyote.http11.Http11Processor.service(Http11Processor.java:408)
	at org.apache.coyote.AbstractProcessorLight.process(AbstractProcessorLight.java:66)
	at org.apache.coyote.AbstractProtocol$ConnectionHandler.process(AbstractProtocol.java:834)
	at org.apache.tomcat.util.net.NioEndpoint$SocketProcessor.doRun(NioEndpoint.java:1415)
	at org.apache.tomcat.util.net.SocketProcessorBase.run(SocketProcessorBase.java:49)
	at java.util.concurrent.ThreadPoolExecutor.runWorker(ThreadPoolExecutor.java:1149)
	at java.util.concurrent.ThreadPoolExecutor$Worker.run(ThreadPoolExecutor.java:624)
	at org.apache.tomcat.util.threads.TaskThread$WrappingRunnable.run(TaskThread.java:61)
	at java.lang.Thread.run(Thread.java:748)
2019-03-05 11:39:52,253 [INFO ] [main] - org.springframework.boot.StartupInfoLogger.logStarting[StartupInfoLogger.java:50] - Starting AmisRestApplication on LAPTOP-OKPFJSSL with PID 20204 (D:\IdeaProjects\amisbuild001\amis-rest\target\classes started by 86130 in D:\IdeaProjects\amisbuild001)
2019-03-05 11:39:52,255 [INFO ] [main] - org.springframework.boot.SpringApplication.logStartupProfileInfo[SpringApplication.java:675] - No active profile set, falling back to default profiles: default
2019-03-05 11:39:53,116 [INFO ] [main] - org.springframework.boot.web.embedded.tomcat.TomcatWebServer.initialize[TomcatWebServer.java:90] - Tomcat initialized with port(s): 8888 (http)
2019-03-05 11:39:53,126 [INFO ] [main] - org.apache.juli.logging.DirectJDKLog.log[DirectJDKLog.java:173] - Initializing ProtocolHandler ["http-nio-8888"]
2019-03-05 11:39:53,132 [INFO ] [main] - org.apache.juli.logging.DirectJDKLog.log[DirectJDKLog.java:173] - Starting service [Tomcat]
2019-03-05 11:39:53,133 [INFO ] [main] - org.apache.juli.logging.DirectJDKLog.log[DirectJDKLog.java:173] - Starting Servlet engine: [Apache Tomcat/9.0.16]
2019-03-05 11:39:53,137 [INFO ] [main] - org.apache.juli.logging.DirectJDKLog.log[DirectJDKLog.java:173] - The APR based Apache Tomcat Native library which allows optimal performance in production environments was not found on the java.library.path: [D:\Java\jdk1.8.0_201\bin;C:\Windows\Sun\Java\bin;C:\Windows\system32;C:\Windows;C:\Program Files (x86)\Common Files\Oracle\Java\javapath;C:\Program Files (x86)\Intel\Intel(R) Management Engine Components\iCLS\;C:\Program Files\Intel\Intel(R) Management Engine Components\iCLS\;C:\Windows\system32;C:\Windows;C:\Windows\System32\Wbem;C:\Windows\System32\WindowsPowerShell\v1.0\;C:\Windows\System32\OpenSSH\;C:\Program Files (x86)\Intel\Intel(R) Management Engine Components\DAL;C:\Program Files\Intel\Intel(R) Management Engine Components\DAL;"D:\Java\jdk1.8.0_201\bin;D:\Java\jdk1.8.0_201\jre\bin";D:\mysql-5.7.25-winx64\bin;%CATALINA_HOME%\bin;%MAVEN_HOME%\bin;C:\Users\86130\AppData\Local\Microsoft\WindowsApps;;.]
2019-03-05 11:39:53,260 [INFO ] [main] - org.apache.juli.logging.DirectJDKLog.log[DirectJDKLog.java:173] - Initializing Spring embedded WebApplicationContext
2019-03-05 11:39:53,261 [INFO ] [main] - org.springframework.boot.web.servlet.context.ServletWebServerApplicationContext.prepareWebApplicationContext[ServletWebServerApplicationContext.java:296] - Root WebApplicationContext: initialization completed in 968 ms
2019-03-05 11:39:53,677 [INFO ] [main] - org.springframework.scheduling.concurrent.ExecutorConfigurationSupport.initialize[ExecutorConfigurationSupport.java:171] - Initializing ExecutorService 'applicationTaskExecutor'
2019-03-05 11:39:53,856 [INFO ] [main] - org.apache.juli.logging.DirectJDKLog.log[DirectJDKLog.java:173] - Starting ProtocolHandler ["http-nio-8888"]
2019-03-05 11:39:53,873 [INFO ] [main] - org.springframework.boot.web.embedded.tomcat.TomcatWebServer.start[TomcatWebServer.java:204] - Tomcat started on port(s): 8888 (http) with context path ''
2019-03-05 11:39:53,875 [INFO ] [main] - org.springframework.boot.StartupInfoLogger.logStarted[StartupInfoLogger.java:59] - Started AmisRestApplication in 2.18 seconds (JVM running for 3.102)
2019-03-05 11:40:02,677 [INFO ] [http-nio-8888-exec-3] - org.apache.juli.logging.DirectJDKLog.log[DirectJDKLog.java:173] - Initializing Spring DispatcherServlet 'dispatcherServlet'
2019-03-05 11:40:02,677 [INFO ] [http-nio-8888-exec-3] - org.springframework.web.servlet.FrameworkServlet.initServletBean[FrameworkServlet.java:524] - Initializing Servlet 'dispatcherServlet'
2019-03-05 11:40:02,683 [INFO ] [http-nio-8888-exec-3] - org.springframework.web.servlet.FrameworkServlet.initServletBean[FrameworkServlet.java:546] - Completed initialization in 6 ms
2019-03-05 11:40:02,752 [INFO ] [http-nio-8888-exec-3] - com.zaxxer.hikari.HikariDataSource.getConnection[HikariDataSource.java:110] - test - Starting...
2019-03-05 11:40:02,753 [WARN ] [http-nio-8888-exec-3] - com.zaxxer.hikari.util.DriverDataSource.<init>[DriverDataSource.java:68] - Registered driver with driverClassName=com.mysql.jdbc.Driver was not found, trying direct instantiation.
2019-03-05 11:40:02,821 [INFO ] [http-nio-8888-exec-3] - com.zaxxer.hikari.HikariDataSource.getConnection[HikariDataSource.java:123] - test - Start completed.
2019-03-05 11:42:51,579 [INFO ] [main] - org.springframework.boot.StartupInfoLogger.logStarting[StartupInfoLogger.java:50] - Starting AmisRestApplication on LAPTOP-OKPFJSSL with PID 5148 (D:\IdeaProjects\amisbuild001\amis-rest\target\classes started by 86130 in D:\IdeaProjects\amisbuild001)
2019-03-05 11:42:51,580 [INFO ] [main] - org.springframework.boot.SpringApplication.logStartupProfileInfo[SpringApplication.java:675] - No active profile set, falling back to default profiles: default
2019-03-05 11:42:52,407 [INFO ] [main] - org.springframework.boot.web.embedded.tomcat.TomcatWebServer.initialize[TomcatWebServer.java:90] - Tomcat initialized with port(s): 8888 (http)
2019-03-05 11:42:52,418 [INFO ] [main] - org.apache.juli.logging.DirectJDKLog.log[DirectJDKLog.java:173] - Initializing ProtocolHandler ["http-nio-8888"]
2019-03-05 11:42:52,425 [INFO ] [main] - org.apache.juli.logging.DirectJDKLog.log[DirectJDKLog.java:173] - Starting service [Tomcat]
2019-03-05 11:42:52,425 [INFO ] [main] - org.apache.juli.logging.DirectJDKLog.log[DirectJDKLog.java:173] - Starting Servlet engine: [Apache Tomcat/9.0.16]
2019-03-05 11:42:52,436 [INFO ] [main] - org.apache.juli.logging.DirectJDKLog.log[DirectJDKLog.java:173] - The APR based Apache Tomcat Native library which allows optimal performance in production environments was not found on the java.library.path: [D:\Java\jdk1.8.0_201\bin;C:\Windows\Sun\Java\bin;C:\Windows\system32;C:\Windows;C:\Program Files (x86)\Common Files\Oracle\Java\javapath;C:\Program Files (x86)\Intel\Intel(R) Management Engine Components\iCLS\;C:\Program Files\Intel\Intel(R) Management Engine Components\iCLS\;C:\Windows\system32;C:\Windows;C:\Windows\System32\Wbem;C:\Windows\System32\WindowsPowerShell\v1.0\;C:\Windows\System32\OpenSSH\;C:\Program Files (x86)\Intel\Intel(R) Management Engine Components\DAL;C:\Program Files\Intel\Intel(R) Management Engine Components\DAL;"D:\Java\jdk1.8.0_201\bin;D:\Java\jdk1.8.0_201\jre\bin";D:\mysql-5.7.25-winx64\bin;%CATALINA_HOME%\bin;%MAVEN_HOME%\bin;C:\Users\86130\AppData\Local\Microsoft\WindowsApps;;.]
2019-03-05 11:42:52,541 [INFO ] [main] - org.apache.juli.logging.DirectJDKLog.log[DirectJDKLog.java:173] - Initializing Spring embedded WebApplicationContext
2019-03-05 11:42:52,541 [INFO ] [main] - org.springframework.boot.web.servlet.context.ServletWebServerApplicationContext.prepareWebApplicationContext[ServletWebServerApplicationContext.java:296] - Root WebApplicationContext: initialization completed in 900 ms
2019-03-05 11:42:52,911 [INFO ] [main] - org.springframework.scheduling.concurrent.ExecutorConfigurationSupport.initialize[ExecutorConfigurationSupport.java:171] - Initializing ExecutorService 'applicationTaskExecutor'
2019-03-05 11:42:53,121 [INFO ] [main] - org.apache.juli.logging.DirectJDKLog.log[DirectJDKLog.java:173] - Starting ProtocolHandler ["http-nio-8888"]
2019-03-05 11:42:53,139 [INFO ] [main] - org.springframework.boot.web.embedded.tomcat.TomcatWebServer.start[TomcatWebServer.java:204] - Tomcat started on port(s): 8888 (http) with context path ''
2019-03-05 11:42:53,141 [INFO ] [main] - org.springframework.boot.StartupInfoLogger.logStarted[StartupInfoLogger.java:59] - Started AmisRestApplication in 2.088 seconds (JVM running for 3.092)
2019-03-05 11:42:55,256 [INFO ] [http-nio-8888-exec-2] - org.apache.juli.logging.DirectJDKLog.log[DirectJDKLog.java:173] - Initializing Spring DispatcherServlet 'dispatcherServlet'
2019-03-05 11:42:55,256 [INFO ] [http-nio-8888-exec-2] - org.springframework.web.servlet.FrameworkServlet.initServletBean[FrameworkServlet.java:524] - Initializing Servlet 'dispatcherServlet'
2019-03-05 11:42:55,261 [INFO ] [http-nio-8888-exec-2] - org.springframework.web.servlet.FrameworkServlet.initServletBean[FrameworkServlet.java:546] - Completed initialization in 5 ms
2019-03-05 11:42:55,328 [INFO ] [http-nio-8888-exec-2] - com.zaxxer.hikari.HikariDataSource.getConnection[HikariDataSource.java:110] - test - Starting...
2019-03-05 11:42:55,330 [WARN ] [http-nio-8888-exec-2] - com.zaxxer.hikari.util.DriverDataSource.<init>[DriverDataSource.java:68] - Registered driver with driverClassName=com.mysql.jdbc.Driver was not found, trying direct instantiation.
2019-03-05 11:42:55,399 [INFO ] [http-nio-8888-exec-2] - com.zaxxer.hikari.HikariDataSource.getConnection[HikariDataSource.java:123] - test - Start completed.
2019-03-05 11:45:26,195 [INFO ] [main] - org.springframework.boot.StartupInfoLogger.logStarting[StartupInfoLogger.java:50] - Starting AmisRestApplication on LAPTOP-OKPFJSSL with PID 9136 (D:\IdeaProjects\amisbuild001\amis-rest\target\classes started by 86130 in D:\IdeaProjects\amisbuild001)
2019-03-05 11:45:26,196 [INFO ] [main] - org.springframework.boot.SpringApplication.logStartupProfileInfo[SpringApplication.java:675] - No active profile set, falling back to default profiles: default
2019-03-05 11:45:27,196 [INFO ] [main] - org.springframework.boot.web.embedded.tomcat.TomcatWebServer.initialize[TomcatWebServer.java:90] - Tomcat initialized with port(s): 8888 (http)
2019-03-05 11:45:27,206 [INFO ] [main] - org.apache.juli.logging.DirectJDKLog.log[DirectJDKLog.java:173] - Initializing ProtocolHandler ["http-nio-8888"]
2019-03-05 11:45:27,212 [INFO ] [main] - org.apache.juli.logging.DirectJDKLog.log[DirectJDKLog.java:173] - Starting service [Tomcat]
2019-03-05 11:45:27,212 [INFO ] [main] - org.apache.juli.logging.DirectJDKLog.log[DirectJDKLog.java:173] - Starting Servlet engine: [Apache Tomcat/9.0.16]
2019-03-05 11:45:27,217 [INFO ] [main] - org.apache.juli.logging.DirectJDKLog.log[DirectJDKLog.java:173] - The APR based Apache Tomcat Native library which allows optimal performance in production environments was not found on the java.library.path: [D:\Java\jdk1.8.0_201\bin;C:\Windows\Sun\Java\bin;C:\Windows\system32;C:\Windows;C:\Program Files (x86)\Common Files\Oracle\Java\javapath;C:\Program Files (x86)\Intel\Intel(R) Management Engine Components\iCLS\;C:\Program Files\Intel\Intel(R) Management Engine Components\iCLS\;C:\Windows\system32;C:\Windows;C:\Windows\System32\Wbem;C:\Windows\System32\WindowsPowerShell\v1.0\;C:\Windows\System32\OpenSSH\;C:\Program Files (x86)\Intel\Intel(R) Management Engine Components\DAL;C:\Program Files\Intel\Intel(R) Management Engine Components\DAL;"D:\Java\jdk1.8.0_201\bin;D:\Java\jdk1.8.0_201\jre\bin";D:\mysql-5.7.25-winx64\bin;%CATALINA_HOME%\bin;%MAVEN_HOME%\bin;C:\Users\86130\AppData\Local\Microsoft\WindowsApps;;.]
2019-03-05 11:45:27,331 [INFO ] [main] - org.apache.juli.logging.DirectJDKLog.log[DirectJDKLog.java:173] - Initializing Spring embedded WebApplicationContext
2019-03-05 11:45:27,332 [INFO ] [main] - org.springframework.boot.web.servlet.context.ServletWebServerApplicationContext.prepareWebApplicationContext[ServletWebServerApplicationContext.java:296] - Root WebApplicationContext: initialization completed in 1101 ms
2019-03-05 11:45:27,625 [INFO ] [main] - org.springframework.scheduling.concurrent.ExecutorConfigurationSupport.initialize[ExecutorConfigurationSupport.java:171] - Initializing ExecutorService 'applicationTaskExecutor'
2019-03-05 11:45:27,833 [INFO ] [main] - org.apache.juli.logging.DirectJDKLog.log[DirectJDKLog.java:173] - Starting ProtocolHandler ["http-nio-8888"]
2019-03-05 11:45:27,851 [INFO ] [main] - org.springframework.boot.web.embedded.tomcat.TomcatWebServer.start[TomcatWebServer.java:204] - Tomcat started on port(s): 8888 (http) with context path ''
2019-03-05 11:45:27,853 [INFO ] [main] - org.springframework.boot.StartupInfoLogger.logStarted[StartupInfoLogger.java:59] - Started AmisRestApplication in 2.169 seconds (JVM running for 3.048)
2019-03-05 11:45:30,558 [INFO ] [http-nio-8888-exec-2] - org.apache.juli.logging.DirectJDKLog.log[DirectJDKLog.java:173] - Initializing Spring DispatcherServlet 'dispatcherServlet'
2019-03-05 11:45:30,558 [INFO ] [http-nio-8888-exec-2] - org.springframework.web.servlet.FrameworkServlet.initServletBean[FrameworkServlet.java:524] - Initializing Servlet 'dispatcherServlet'
2019-03-05 11:45:30,562 [INFO ] [http-nio-8888-exec-2] - org.springframework.web.servlet.FrameworkServlet.initServletBean[FrameworkServlet.java:546] - Completed initialization in 4 ms
2019-03-05 11:45:30,628 [INFO ] [http-nio-8888-exec-2] - com.zaxxer.hikari.HikariDataSource.getConnection[HikariDataSource.java:110] - test - Starting...
2019-03-05 11:45:30,629 [WARN ] [http-nio-8888-exec-2] - com.zaxxer.hikari.util.DriverDataSource.<init>[DriverDataSource.java:68] - Registered driver with driverClassName=com.mysql.jdbc.Driver was not found, trying direct instantiation.
2019-03-05 11:45:30,699 [INFO ] [http-nio-8888-exec-2] - com.zaxxer.hikari.HikariDataSource.getConnection[HikariDataSource.java:123] - test - Start completed.
2019-03-05 11:46:23,782 [INFO ] [main] - org.springframework.boot.StartupInfoLogger.logStarting[StartupInfoLogger.java:50] - Starting AmisRestApplication on LAPTOP-OKPFJSSL with PID 512 (D:\IdeaProjects\amisbuild001\amis-rest\target\classes started by 86130 in D:\IdeaProjects\amisbuild001)
2019-03-05 11:46:23,784 [INFO ] [main] - org.springframework.boot.SpringApplication.logStartupProfileInfo[SpringApplication.java:675] - No active profile set, falling back to default profiles: default
2019-03-05 11:46:24,726 [INFO ] [main] - org.springframework.boot.web.embedded.tomcat.TomcatWebServer.initialize[TomcatWebServer.java:90] - Tomcat initialized with port(s): 8888 (http)
2019-03-05 11:46:24,735 [INFO ] [main] - org.apache.juli.logging.DirectJDKLog.log[DirectJDKLog.java:173] - Initializing ProtocolHandler ["http-nio-8888"]
2019-03-05 11:46:24,743 [INFO ] [main] - org.apache.juli.logging.DirectJDKLog.log[DirectJDKLog.java:173] - Starting service [Tomcat]
2019-03-05 11:46:24,743 [INFO ] [main] - org.apache.juli.logging.DirectJDKLog.log[DirectJDKLog.java:173] - Starting Servlet engine: [Apache Tomcat/9.0.16]
2019-03-05 11:46:24,748 [INFO ] [main] - org.apache.juli.logging.DirectJDKLog.log[DirectJDKLog.java:173] - The APR based Apache Tomcat Native library which allows optimal performance in production environments was not found on the java.library.path: [D:\Java\jdk1.8.0_201\bin;C:\Windows\Sun\Java\bin;C:\Windows\system32;C:\Windows;C:\Program Files (x86)\Common Files\Oracle\Java\javapath;C:\Program Files (x86)\Intel\Intel(R) Management Engine Components\iCLS\;C:\Program Files\Intel\Intel(R) Management Engine Components\iCLS\;C:\Windows\system32;C:\Windows;C:\Windows\System32\Wbem;C:\Windows\System32\WindowsPowerShell\v1.0\;C:\Windows\System32\OpenSSH\;C:\Program Files (x86)\Intel\Intel(R) Management Engine Components\DAL;C:\Program Files\Intel\Intel(R) Management Engine Components\DAL;"D:\Java\jdk1.8.0_201\bin;D:\Java\jdk1.8.0_201\jre\bin";D:\mysql-5.7.25-winx64\bin;%CATALINA_HOME%\bin;%MAVEN_HOME%\bin;C:\Users\86130\AppData\Local\Microsoft\WindowsApps;;.]
2019-03-05 11:46:24,860 [INFO ] [main] - org.apache.juli.logging.DirectJDKLog.log[DirectJDKLog.java:173] - Initializing Spring embedded WebApplicationContext
2019-03-05 11:46:24,860 [INFO ] [main] - org.springframework.boot.web.servlet.context.ServletWebServerApplicationContext.prepareWebApplicationContext[ServletWebServerApplicationContext.java:296] - Root WebApplicationContext: initialization completed in 1033 ms
2019-03-05 11:46:25,213 [INFO ] [main] - org.springframework.scheduling.concurrent.ExecutorConfigurationSupport.initialize[ExecutorConfigurationSupport.java:171] - Initializing ExecutorService 'applicationTaskExecutor'
2019-03-05 11:46:25,369 [INFO ] [main] - org.apache.juli.logging.DirectJDKLog.log[DirectJDKLog.java:173] - Starting ProtocolHandler ["http-nio-8888"]
2019-03-05 11:46:25,388 [INFO ] [main] - org.springframework.boot.web.embedded.tomcat.TomcatWebServer.start[TomcatWebServer.java:204] - Tomcat started on port(s): 8888 (http) with context path ''
2019-03-05 11:46:25,391 [INFO ] [main] - org.springframework.boot.StartupInfoLogger.logStarted[StartupInfoLogger.java:59] - Started AmisRestApplication in 2.119 seconds (JVM running for 2.992)
2019-03-05 11:46:26,952 [INFO ] [http-nio-8888-exec-1] - org.apache.juli.logging.DirectJDKLog.log[DirectJDKLog.java:173] - Initializing Spring DispatcherServlet 'dispatcherServlet'
2019-03-05 11:46:26,953 [INFO ] [http-nio-8888-exec-1] - org.springframework.web.servlet.FrameworkServlet.initServletBean[FrameworkServlet.java:524] - Initializing Servlet 'dispatcherServlet'
2019-03-05 11:46:26,957 [INFO ] [http-nio-8888-exec-1] - org.springframework.web.servlet.FrameworkServlet.initServletBean[FrameworkServlet.java:546] - Completed initialization in 4 ms
2019-03-05 11:46:27,025 [INFO ] [http-nio-8888-exec-1] - com.zaxxer.hikari.HikariDataSource.getConnection[HikariDataSource.java:110] - test - Starting...
2019-03-05 11:46:27,026 [WARN ] [http-nio-8888-exec-1] - com.zaxxer.hikari.util.DriverDataSource.<init>[DriverDataSource.java:68] - Registered driver with driverClassName=com.mysql.jdbc.Driver was not found, trying direct instantiation.
2019-03-05 11:46:27,095 [INFO ] [http-nio-8888-exec-1] - com.zaxxer.hikari.HikariDataSource.getConnection[HikariDataSource.java:123] - test - Start completed.
2019-03-05 11:48:50,231 [INFO ] [main] - org.springframework.boot.StartupInfoLogger.logStarting[StartupInfoLogger.java:50] - Starting AmisRestApplication on LAPTOP-OKPFJSSL with PID 15560 (D:\IdeaProjects\amisbuild001\amis-rest\target\classes started by 86130 in D:\IdeaProjects\amisbuild001)
2019-03-05 11:48:50,232 [INFO ] [main] - org.springframework.boot.SpringApplication.logStartupProfileInfo[SpringApplication.java:675] - No active profile set, falling back to default profiles: default
2019-03-05 11:48:51,176 [INFO ] [main] - org.springframework.boot.web.embedded.tomcat.TomcatWebServer.initialize[TomcatWebServer.java:90] - Tomcat initialized with port(s): 8888 (http)
2019-03-05 11:48:51,186 [INFO ] [main] - org.apache.juli.logging.DirectJDKLog.log[DirectJDKLog.java:173] - Initializing ProtocolHandler ["http-nio-8888"]
2019-03-05 11:48:51,192 [INFO ] [main] - org.apache.juli.logging.DirectJDKLog.log[DirectJDKLog.java:173] - Starting service [Tomcat]
2019-03-05 11:48:51,192 [INFO ] [main] - org.apache.juli.logging.DirectJDKLog.log[DirectJDKLog.java:173] - Starting Servlet engine: [Apache Tomcat/9.0.16]
2019-03-05 11:48:51,196 [INFO ] [main] - org.apache.juli.logging.DirectJDKLog.log[DirectJDKLog.java:173] - The APR based Apache Tomcat Native library which allows optimal performance in production environments was not found on the java.library.path: [D:\Java\jdk1.8.0_201\bin;C:\Windows\Sun\Java\bin;C:\Windows\system32;C:\Windows;C:\Program Files (x86)\Common Files\Oracle\Java\javapath;C:\Program Files (x86)\Intel\Intel(R) Management Engine Components\iCLS\;C:\Program Files\Intel\Intel(R) Management Engine Components\iCLS\;C:\Windows\system32;C:\Windows;C:\Windows\System32\Wbem;C:\Windows\System32\WindowsPowerShell\v1.0\;C:\Windows\System32\OpenSSH\;C:\Program Files (x86)\Intel\Intel(R) Management Engine Components\DAL;C:\Program Files\Intel\Intel(R) Management Engine Components\DAL;"D:\Java\jdk1.8.0_201\bin;D:\Java\jdk1.8.0_201\jre\bin";D:\mysql-5.7.25-winx64\bin;%CATALINA_HOME%\bin;%MAVEN_HOME%\bin;C:\Users\86130\AppData\Local\Microsoft\WindowsApps;;.]
2019-03-05 11:48:51,310 [INFO ] [main] - org.apache.juli.logging.DirectJDKLog.log[DirectJDKLog.java:173] - Initializing Spring embedded WebApplicationContext
2019-03-05 11:48:51,310 [INFO ] [main] - org.springframework.boot.web.servlet.context.ServletWebServerApplicationContext.prepareWebApplicationContext[ServletWebServerApplicationContext.java:296] - Root WebApplicationContext: initialization completed in 1003 ms
2019-03-05 11:48:51,675 [INFO ] [main] - org.springframework.scheduling.concurrent.ExecutorConfigurationSupport.initialize[ExecutorConfigurationSupport.java:171] - Initializing ExecutorService 'applicationTaskExecutor'
2019-03-05 11:48:51,839 [INFO ] [main] - org.apache.juli.logging.DirectJDKLog.log[DirectJDKLog.java:173] - Starting ProtocolHandler ["http-nio-8888"]
2019-03-05 11:48:51,858 [INFO ] [main] - org.springframework.boot.web.embedded.tomcat.TomcatWebServer.start[TomcatWebServer.java:204] - Tomcat started on port(s): 8888 (http) with context path ''
2019-03-05 11:48:51,861 [INFO ] [main] - org.springframework.boot.StartupInfoLogger.logStarted[StartupInfoLogger.java:59] - Started AmisRestApplication in 2.327 seconds (JVM running for 3.233)
2019-03-05 11:48:53,329 [INFO ] [http-nio-8888-exec-2] - org.apache.juli.logging.DirectJDKLog.log[DirectJDKLog.java:173] - Initializing Spring DispatcherServlet 'dispatcherServlet'
2019-03-05 11:48:53,330 [INFO ] [http-nio-8888-exec-2] - org.springframework.web.servlet.FrameworkServlet.initServletBean[FrameworkServlet.java:524] - Initializing Servlet 'dispatcherServlet'
2019-03-05 11:48:53,334 [INFO ] [http-nio-8888-exec-2] - org.springframework.web.servlet.FrameworkServlet.initServletBean[FrameworkServlet.java:546] - Completed initialization in 4 ms
2019-03-05 11:48:53,403 [INFO ] [http-nio-8888-exec-2] - com.zaxxer.hikari.HikariDataSource.getConnection[HikariDataSource.java:110] - test - Starting...
2019-03-05 11:48:53,404 [WARN ] [http-nio-8888-exec-2] - com.zaxxer.hikari.util.DriverDataSource.<init>[DriverDataSource.java:68] - Registered driver with driverClassName=com.mysql.jdbc.Driver was not found, trying direct instantiation.
2019-03-05 11:48:53,471 [INFO ] [http-nio-8888-exec-2] - com.zaxxer.hikari.HikariDataSource.getConnection[HikariDataSource.java:123] - test - Start completed.
2019-03-05 11:49:30,733 [INFO ] [main] - org.springframework.boot.StartupInfoLogger.logStarting[StartupInfoLogger.java:50] - Starting AmisRestApplication on LAPTOP-OKPFJSSL with PID 18216 (D:\IdeaProjects\amisbuild001\amis-rest\target\classes started by 86130 in D:\IdeaProjects\amisbuild001)
2019-03-05 11:49:30,735 [INFO ] [main] - org.springframework.boot.SpringApplication.logStartupProfileInfo[SpringApplication.java:675] - No active profile set, falling back to default profiles: default
2019-03-05 11:49:31,647 [INFO ] [main] - org.springframework.boot.web.embedded.tomcat.TomcatWebServer.initialize[TomcatWebServer.java:90] - Tomcat initialized with port(s): 8888 (http)
2019-03-05 11:49:31,657 [INFO ] [main] - org.apache.juli.logging.DirectJDKLog.log[DirectJDKLog.java:173] - Initializing ProtocolHandler ["http-nio-8888"]
2019-03-05 11:49:31,663 [INFO ] [main] - org.apache.juli.logging.DirectJDKLog.log[DirectJDKLog.java:173] - Starting service [Tomcat]
2019-03-05 11:49:31,664 [INFO ] [main] - org.apache.juli.logging.DirectJDKLog.log[DirectJDKLog.java:173] - Starting Servlet engine: [Apache Tomcat/9.0.16]
2019-03-05 11:49:31,668 [INFO ] [main] - org.apache.juli.logging.DirectJDKLog.log[DirectJDKLog.java:173] - The APR based Apache Tomcat Native library which allows optimal performance in production environments was not found on the java.library.path: [D:\Java\jdk1.8.0_201\bin;C:\Windows\Sun\Java\bin;C:\Windows\system32;C:\Windows;C:\Program Files (x86)\Common Files\Oracle\Java\javapath;C:\Program Files (x86)\Intel\Intel(R) Management Engine Components\iCLS\;C:\Program Files\Intel\Intel(R) Management Engine Components\iCLS\;C:\Windows\system32;C:\Windows;C:\Windows\System32\Wbem;C:\Windows\System32\WindowsPowerShell\v1.0\;C:\Windows\System32\OpenSSH\;C:\Program Files (x86)\Intel\Intel(R) Management Engine Components\DAL;C:\Program Files\Intel\Intel(R) Management Engine Components\DAL;"D:\Java\jdk1.8.0_201\bin;D:\Java\jdk1.8.0_201\jre\bin";D:\mysql-5.7.25-winx64\bin;%CATALINA_HOME%\bin;%MAVEN_HOME%\bin;C:\Users\86130\AppData\Local\Microsoft\WindowsApps;;.]
2019-03-05 11:49:31,780 [INFO ] [main] - org.apache.juli.logging.DirectJDKLog.log[DirectJDKLog.java:173] - Initializing Spring embedded WebApplicationContext
2019-03-05 11:49:31,780 [INFO ] [main] - org.springframework.boot.web.servlet.context.ServletWebServerApplicationContext.prepareWebApplicationContext[ServletWebServerApplicationContext.java:296] - Root WebApplicationContext: initialization completed in 995 ms
2019-03-05 11:49:32,074 [INFO ] [main] - org.springframework.scheduling.concurrent.ExecutorConfigurationSupport.initialize[ExecutorConfigurationSupport.java:171] - Initializing ExecutorService 'applicationTaskExecutor'
2019-03-05 11:49:32,294 [INFO ] [main] - org.apache.juli.logging.DirectJDKLog.log[DirectJDKLog.java:173] - Starting ProtocolHandler ["http-nio-8888"]
2019-03-05 11:49:32,311 [INFO ] [main] - org.springframework.boot.web.embedded.tomcat.TomcatWebServer.start[TomcatWebServer.java:204] - Tomcat started on port(s): 8888 (http) with context path ''
2019-03-05 11:49:32,314 [INFO ] [main] - org.springframework.boot.StartupInfoLogger.logStarted[StartupInfoLogger.java:59] - Started AmisRestApplication in 2.122 seconds (JVM running for 3.042)
2019-03-05 11:49:37,141 [INFO ] [http-nio-8888-exec-1] - org.apache.juli.logging.DirectJDKLog.log[DirectJDKLog.java:173] - Initializing Spring DispatcherServlet 'dispatcherServlet'
2019-03-05 11:49:37,141 [INFO ] [http-nio-8888-exec-1] - org.springframework.web.servlet.FrameworkServlet.initServletBean[FrameworkServlet.java:524] - Initializing Servlet 'dispatcherServlet'
2019-03-05 11:49:37,145 [INFO ] [http-nio-8888-exec-1] - org.springframework.web.servlet.FrameworkServlet.initServletBean[FrameworkServlet.java:546] - Completed initialization in 4 ms
2019-03-05 11:49:37,213 [INFO ] [http-nio-8888-exec-1] - com.zaxxer.hikari.HikariDataSource.getConnection[HikariDataSource.java:110] - test - Starting...
2019-03-05 11:49:37,214 [WARN ] [http-nio-8888-exec-1] - com.zaxxer.hikari.util.DriverDataSource.<init>[DriverDataSource.java:68] - Registered driver with driverClassName=com.mysql.jdbc.Driver was not found, trying direct instantiation.
2019-03-05 11:49:37,281 [INFO ] [http-nio-8888-exec-1] - com.zaxxer.hikari.HikariDataSource.getConnection[HikariDataSource.java:123] - test - Start completed.
2019-03-05 11:55:46,068 [INFO ] [main] - org.springframework.boot.StartupInfoLogger.logStarting[StartupInfoLogger.java:50] - Starting AmisRestApplication on LAPTOP-OKPFJSSL with PID 2848 (D:\IdeaProjects\amisbuild001\amis-rest\target\classes started by 86130 in D:\IdeaProjects\amisbuild001)
2019-03-05 11:55:46,069 [INFO ] [main] - org.springframework.boot.SpringApplication.logStartupProfileInfo[SpringApplication.java:675] - No active profile set, falling back to default profiles: default
2019-03-05 11:55:46,979 [INFO ] [main] - org.springframework.boot.web.embedded.tomcat.TomcatWebServer.initialize[TomcatWebServer.java:90] - Tomcat initialized with port(s): 8888 (http)
2019-03-05 11:55:46,988 [INFO ] [main] - org.apache.juli.logging.DirectJDKLog.log[DirectJDKLog.java:173] - Initializing ProtocolHandler ["http-nio-8888"]
2019-03-05 11:55:46,994 [INFO ] [main] - org.apache.juli.logging.DirectJDKLog.log[DirectJDKLog.java:173] - Starting service [Tomcat]
2019-03-05 11:55:46,994 [INFO ] [main] - org.apache.juli.logging.DirectJDKLog.log[DirectJDKLog.java:173] - Starting Servlet engine: [Apache Tomcat/9.0.16]
2019-03-05 11:55:47,000 [INFO ] [main] - org.apache.juli.logging.DirectJDKLog.log[DirectJDKLog.java:173] - The APR based Apache Tomcat Native library which allows optimal performance in production environments was not found on the java.library.path: [D:\Java\jdk1.8.0_201\bin;C:\Windows\Sun\Java\bin;C:\Windows\system32;C:\Windows;C:\Program Files (x86)\Common Files\Oracle\Java\javapath;C:\Program Files (x86)\Intel\Intel(R) Management Engine Components\iCLS\;C:\Program Files\Intel\Intel(R) Management Engine Components\iCLS\;C:\Windows\system32;C:\Windows;C:\Windows\System32\Wbem;C:\Windows\System32\WindowsPowerShell\v1.0\;C:\Windows\System32\OpenSSH\;C:\Program Files (x86)\Intel\Intel(R) Management Engine Components\DAL;C:\Program Files\Intel\Intel(R) Management Engine Components\DAL;"D:\Java\jdk1.8.0_201\bin;D:\Java\jdk1.8.0_201\jre\bin";D:\mysql-5.7.25-winx64\bin;%CATALINA_HOME%\bin;%MAVEN_HOME%\bin;C:\Users\86130\AppData\Local\Microsoft\WindowsApps;;.]
2019-03-05 11:55:47,111 [INFO ] [main] - org.apache.juli.logging.DirectJDKLog.log[DirectJDKLog.java:173] - Initializing Spring embedded WebApplicationContext
2019-03-05 11:55:47,111 [INFO ] [main] - org.springframework.boot.web.servlet.context.ServletWebServerApplicationContext.prepareWebApplicationContext[ServletWebServerApplicationContext.java:296] - Root WebApplicationContext: initialization completed in 997 ms
2019-03-05 11:55:47,479 [INFO ] [main] - org.springframework.scheduling.concurrent.ExecutorConfigurationSupport.initialize[ExecutorConfigurationSupport.java:171] - Initializing ExecutorService 'applicationTaskExecutor'
2019-03-05 11:55:47,638 [INFO ] [main] - org.apache.juli.logging.DirectJDKLog.log[DirectJDKLog.java:173] - Starting ProtocolHandler ["http-nio-8888"]
2019-03-05 11:55:47,655 [INFO ] [main] - org.springframework.boot.web.embedded.tomcat.TomcatWebServer.start[TomcatWebServer.java:204] - Tomcat started on port(s): 8888 (http) with context path ''
2019-03-05 11:55:47,657 [INFO ] [main] - org.springframework.boot.StartupInfoLogger.logStarted[StartupInfoLogger.java:59] - Started AmisRestApplication in 2.18 seconds (JVM running for 3.109)
2019-03-05 11:55:50,776 [INFO ] [http-nio-8888-exec-4] - org.apache.juli.logging.DirectJDKLog.log[DirectJDKLog.java:173] - Initializing Spring DispatcherServlet 'dispatcherServlet'
2019-03-05 11:55:50,776 [INFO ] [http-nio-8888-exec-4] - org.springframework.web.servlet.FrameworkServlet.initServletBean[FrameworkServlet.java:524] - Initializing Servlet 'dispatcherServlet'
2019-03-05 11:55:50,781 [INFO ] [http-nio-8888-exec-4] - org.springframework.web.servlet.FrameworkServlet.initServletBean[FrameworkServlet.java:546] - Completed initialization in 5 ms
2019-03-05 11:55:50,847 [INFO ] [http-nio-8888-exec-4] - com.zaxxer.hikari.HikariDataSource.getConnection[HikariDataSource.java:110] - test - Starting...
2019-03-05 11:55:50,848 [WARN ] [http-nio-8888-exec-4] - com.zaxxer.hikari.util.DriverDataSource.<init>[DriverDataSource.java:68] - Registered driver with driverClassName=com.mysql.jdbc.Driver was not found, trying direct instantiation.
2019-03-05 11:55:50,916 [INFO ] [http-nio-8888-exec-4] - com.zaxxer.hikari.HikariDataSource.getConnection[HikariDataSource.java:123] - test - Start completed.
2019-03-05 12:02:43,441 [INFO ] [main] - org.springframework.boot.StartupInfoLogger.logStarting[StartupInfoLogger.java:50] - Starting AmisRestApplication on LAPTOP-OKPFJSSL with PID 4152 (D:\IdeaProjects\amisbuild001\amis-rest\target\classes started by 86130 in D:\IdeaProjects\amisbuild001)
2019-03-05 12:02:43,442 [INFO ] [main] - org.springframework.boot.SpringApplication.logStartupProfileInfo[SpringApplication.java:675] - No active profile set, falling back to default profiles: default
2019-03-05 12:02:44,327 [INFO ] [main] - org.springframework.boot.web.embedded.tomcat.TomcatWebServer.initialize[TomcatWebServer.java:90] - Tomcat initialized with port(s): 8888 (http)
2019-03-05 12:02:44,337 [INFO ] [main] - org.apache.juli.logging.DirectJDKLog.log[DirectJDKLog.java:173] - Initializing ProtocolHandler ["http-nio-8888"]
2019-03-05 12:02:44,342 [INFO ] [main] - org.apache.juli.logging.DirectJDKLog.log[DirectJDKLog.java:173] - Starting service [Tomcat]
2019-03-05 12:02:44,343 [INFO ] [main] - org.apache.juli.logging.DirectJDKLog.log[DirectJDKLog.java:173] - Starting Servlet engine: [Apache Tomcat/9.0.16]
2019-03-05 12:02:44,348 [INFO ] [main] - org.apache.juli.logging.DirectJDKLog.log[DirectJDKLog.java:173] - The APR based Apache Tomcat Native library which allows optimal performance in production environments was not found on the java.library.path: [D:\Java\jdk1.8.0_201\bin;C:\Windows\Sun\Java\bin;C:\Windows\system32;C:\Windows;C:\Program Files (x86)\Common Files\Oracle\Java\javapath;C:\Program Files (x86)\Intel\Intel(R) Management Engine Components\iCLS\;C:\Program Files\Intel\Intel(R) Management Engine Components\iCLS\;C:\Windows\system32;C:\Windows;C:\Windows\System32\Wbem;C:\Windows\System32\WindowsPowerShell\v1.0\;C:\Windows\System32\OpenSSH\;C:\Program Files (x86)\Intel\Intel(R) Management Engine Components\DAL;C:\Program Files\Intel\Intel(R) Management Engine Components\DAL;"D:\Java\jdk1.8.0_201\bin;D:\Java\jdk1.8.0_201\jre\bin";D:\mysql-5.7.25-winx64\bin;%CATALINA_HOME%\bin;%MAVEN_HOME%\bin;C:\Users\86130\AppData\Local\Microsoft\WindowsApps;;.]
2019-03-05 12:02:44,464 [INFO ] [main] - org.apache.juli.logging.DirectJDKLog.log[DirectJDKLog.java:173] - Initializing Spring embedded WebApplicationContext
2019-03-05 12:02:44,464 [INFO ] [main] - org.springframework.boot.web.servlet.context.ServletWebServerApplicationContext.prepareWebApplicationContext[ServletWebServerApplicationContext.java:296] - Root WebApplicationContext: initialization completed in 976 ms
2019-03-05 12:02:44,961 [INFO ] [main] - org.springframework.scheduling.concurrent.ExecutorConfigurationSupport.initialize[ExecutorConfigurationSupport.java:171] - Initializing ExecutorService 'applicationTaskExecutor'
2019-03-05 12:02:45,121 [INFO ] [main] - org.apache.juli.logging.DirectJDKLog.log[DirectJDKLog.java:173] - Starting ProtocolHandler ["http-nio-8888"]
2019-03-05 12:02:45,138 [INFO ] [main] - org.springframework.boot.web.embedded.tomcat.TomcatWebServer.start[TomcatWebServer.java:204] - Tomcat started on port(s): 8888 (http) with context path ''
2019-03-05 12:02:45,140 [INFO ] [main] - org.springframework.boot.StartupInfoLogger.logStarted[StartupInfoLogger.java:59] - Started AmisRestApplication in 2.283 seconds (JVM running for 3.213)
2019-03-05 12:02:49,258 [INFO ] [http-nio-8888-exec-3] - org.apache.juli.logging.DirectJDKLog.log[DirectJDKLog.java:173] - Initializing Spring DispatcherServlet 'dispatcherServlet'
2019-03-05 12:02:49,258 [INFO ] [http-nio-8888-exec-3] - org.springframework.web.servlet.FrameworkServlet.initServletBean[FrameworkServlet.java:524] - Initializing Servlet 'dispatcherServlet'
2019-03-05 12:02:49,262 [INFO ] [http-nio-8888-exec-3] - org.springframework.web.servlet.FrameworkServlet.initServletBean[FrameworkServlet.java:546] - Completed initialization in 3 ms
2019-03-05 12:02:49,329 [INFO ] [http-nio-8888-exec-3] - com.zaxxer.hikari.HikariDataSource.getConnection[HikariDataSource.java:110] - test - Starting...
2019-03-05 12:02:49,330 [WARN ] [http-nio-8888-exec-3] - com.zaxxer.hikari.util.DriverDataSource.<init>[DriverDataSource.java:68] - Registered driver with driverClassName=com.mysql.jdbc.Driver was not found, trying direct instantiation.
2019-03-05 12:02:49,399 [INFO ] [http-nio-8888-exec-3] - com.zaxxer.hikari.HikariDataSource.getConnection[HikariDataSource.java:123] - test - Start completed.
2019-03-05 14:40:57,777 [INFO ] [main] - org.springframework.boot.StartupInfoLogger.logStarting[StartupInfoLogger.java:50] - Starting AmisRestApplication on LAPTOP-OKPFJSSL with PID 17544 (D:\IdeaProjects\amisbuild001\amis-rest\target\classes started by 86130 in D:\IdeaProjects\amisbuild001)
2019-03-05 14:40:57,778 [INFO ] [main] - org.springframework.boot.SpringApplication.logStartupProfileInfo[SpringApplication.java:675] - No active profile set, falling back to default profiles: default
2019-03-05 14:40:58,657 [INFO ] [main] - org.springframework.boot.web.embedded.tomcat.TomcatWebServer.initialize[TomcatWebServer.java:90] - Tomcat initialized with port(s): 8888 (http)
2019-03-05 14:40:58,667 [INFO ] [main] - org.apache.juli.logging.DirectJDKLog.log[DirectJDKLog.java:173] - Initializing ProtocolHandler ["http-nio-8888"]
2019-03-05 14:40:58,674 [INFO ] [main] - org.apache.juli.logging.DirectJDKLog.log[DirectJDKLog.java:173] - Starting service [Tomcat]
2019-03-05 14:40:58,674 [INFO ] [main] - org.apache.juli.logging.DirectJDKLog.log[DirectJDKLog.java:173] - Starting Servlet engine: [Apache Tomcat/9.0.16]
2019-03-05 14:40:58,679 [INFO ] [main] - org.apache.juli.logging.DirectJDKLog.log[DirectJDKLog.java:173] - The APR based Apache Tomcat Native library which allows optimal performance in production environments was not found on the java.library.path: [D:\Java\jdk1.8.0_201\bin;C:\Windows\Sun\Java\bin;C:\Windows\system32;C:\Windows;C:\Program Files (x86)\Common Files\Oracle\Java\javapath;C:\Program Files (x86)\Intel\Intel(R) Management Engine Components\iCLS\;C:\Program Files\Intel\Intel(R) Management Engine Components\iCLS\;C:\Windows\system32;C:\Windows;C:\Windows\System32\Wbem;C:\Windows\System32\WindowsPowerShell\v1.0\;C:\Windows\System32\OpenSSH\;C:\Program Files (x86)\Intel\Intel(R) Management Engine Components\DAL;C:\Program Files\Intel\Intel(R) Management Engine Components\DAL;"D:\Java\jdk1.8.0_201\bin;D:\Java\jdk1.8.0_201\jre\bin";D:\mysql-5.7.25-winx64\bin;%CATALINA_HOME%\bin;%MAVEN_HOME%\bin;C:\Users\86130\AppData\Local\Microsoft\WindowsApps;;.]
2019-03-05 14:40:58,789 [INFO ] [main] - org.apache.juli.logging.DirectJDKLog.log[DirectJDKLog.java:173] - Initializing Spring embedded WebApplicationContext
2019-03-05 14:40:58,789 [INFO ] [main] - org.springframework.boot.web.servlet.context.ServletWebServerApplicationContext.prepareWebApplicationContext[ServletWebServerApplicationContext.java:296] - Root WebApplicationContext: initialization completed in 973 ms
2019-03-05 14:40:59,148 [INFO ] [main] - org.springframework.scheduling.concurrent.ExecutorConfigurationSupport.initialize[ExecutorConfigurationSupport.java:171] - Initializing ExecutorService 'applicationTaskExecutor'
2019-03-05 14:40:59,310 [INFO ] [main] - org.apache.juli.logging.DirectJDKLog.log[DirectJDKLog.java:173] - Starting ProtocolHandler ["http-nio-8888"]
2019-03-05 14:40:59,327 [INFO ] [main] - org.springframework.boot.web.embedded.tomcat.TomcatWebServer.start[TomcatWebServer.java:204] - Tomcat started on port(s): 8888 (http) with context path ''
2019-03-05 14:40:59,329 [INFO ] [main] - org.springframework.boot.StartupInfoLogger.logStarted[StartupInfoLogger.java:59] - Started AmisRestApplication in 2.046 seconds (JVM running for 3.04)
2019-03-05 14:41:25,888 [INFO ] [http-nio-8888-exec-2] - org.apache.juli.logging.DirectJDKLog.log[DirectJDKLog.java:173] - Initializing Spring DispatcherServlet 'dispatcherServlet'
2019-03-05 14:41:25,889 [INFO ] [http-nio-8888-exec-2] - org.springframework.web.servlet.FrameworkServlet.initServletBean[FrameworkServlet.java:524] - Initializing Servlet 'dispatcherServlet'
2019-03-05 14:41:25,894 [INFO ] [http-nio-8888-exec-2] - org.springframework.web.servlet.FrameworkServlet.initServletBean[FrameworkServlet.java:546] - Completed initialization in 5 ms
2019-03-05 14:41:25,965 [INFO ] [http-nio-8888-exec-2] - com.zaxxer.hikari.HikariDataSource.getConnection[HikariDataSource.java:110] - test - Starting...
2019-03-05 14:41:25,967 [WARN ] [http-nio-8888-exec-2] - com.zaxxer.hikari.util.DriverDataSource.<init>[DriverDataSource.java:68] - Registered driver with driverClassName=com.mysql.jdbc.Driver was not found, trying direct instantiation.
2019-03-05 14:41:26,038 [INFO ] [http-nio-8888-exec-2] - com.zaxxer.hikari.HikariDataSource.getConnection[HikariDataSource.java:123] - test - Start completed.
