2019-04-11 11:31:48,024 [INFO ] [restartedMain] - org.springframework.boot.StartupInfoLogger.logStarting[StartupInfoLogger.java:50] - Starting AmisRestApplication on LAPTOP-OKPFJSSL with PID 9680 (D:\IdeaProjects\amisbuild001\amis-rest\target\classes started by 86130 in D:\IdeaProjects\amisbuild001)
2019-04-11 11:31:48,026 [INFO ] [restartedMain] - org.springframework.boot.SpringApplication.logStartupProfileInfo[SpringApplication.java:675] - No active profile set, falling back to default profiles: default
2019-04-11 11:31:48,113 [INFO ] [restartedMain] - org.springframework.boot.logging.DeferredLog.logTo[DeferredLog.java:227] - Devtools property defaults active! Set 'spring.devtools.add-properties' to 'false' to disable
2019-04-11 11:31:48,126 [INFO ] [restartedMain] - org.springframework.boot.logging.DeferredLog.logTo[DeferredLog.java:227] - For additional web related logging consider setting the 'logging.level.web' property to 'DEBUG'
2019-04-11 11:31:50,417 [INFO ] [restartedMain] - org.springframework.boot.web.embedded.tomcat.TomcatWebServer.initialize[TomcatWebServer.java:90] - Tomcat initialized with port(s): 8888 (http)
2019-04-11 11:31:50,434 [INFO ] [restartedMain] - org.apache.juli.logging.DirectJDKLog.log[DirectJDKLog.java:173] - Initializing ProtocolHandler ["http-nio-8888"]
2019-04-11 11:31:50,450 [INFO ] [restartedMain] - org.apache.juli.logging.DirectJDKLog.log[DirectJDKLog.java:173] - Starting service [Tomcat]
2019-04-11 11:31:50,450 [INFO ] [restartedMain] - org.apache.juli.logging.DirectJDKLog.log[DirectJDKLog.java:173] - Starting Servlet engine: [Apache Tomcat/9.0.16]
2019-04-11 11:31:50,461 [INFO ] [restartedMain] - org.apache.juli.logging.DirectJDKLog.log[DirectJDKLog.java:173] - Loaded APR based Apache Tomcat Native library [1.2.21] using APR version [1.6.5].
2019-04-11 11:31:50,461 [INFO ] [restartedMain] - org.apache.juli.logging.DirectJDKLog.log[DirectJDKLog.java:173] - APR capabilities: IPv6 [true], sendfile [true], accept filters [false], random [true].
2019-04-11 11:31:50,461 [INFO ] [restartedMain] - org.apache.juli.logging.DirectJDKLog.log[DirectJDKLog.java:173] - APR/OpenSSL configuration: useAprConnector [false], useOpenSSL [true]
2019-04-11 11:31:50,556 [INFO ] [restartedMain] - org.apache.juli.logging.DirectJDKLog.log[DirectJDKLog.java:173] - OpenSSL successfully initialized [OpenSSL 1.1.1a  20 Nov 2018]
2019-04-11 11:31:50,713 [INFO ] [restartedMain] - org.apache.juli.logging.DirectJDKLog.log[DirectJDKLog.java:173] - Initializing Spring embedded WebApplicationContext
2019-04-11 11:31:50,714 [INFO ] [restartedMain] - org.springframework.boot.web.servlet.context.ServletWebServerApplicationContext.prepareWebApplicationContext[ServletWebServerApplicationContext.java:296] - Root WebApplicationContext: initialization completed in 2587 ms
2019-04-11 11:31:52,181 [INFO ] [restartedMain] - org.springframework.scheduling.concurrent.ExecutorConfigurationSupport.initialize[ExecutorConfigurationSupport.java:171] - Initializing ExecutorService 'applicationTaskExecutor'
2019-04-11 11:31:52,337 [INFO ] [restartedMain] - org.springframework.boot.autoconfigure.web.servlet.WelcomePageHandlerMapping.<init>[WelcomePageHandlerMapping.java:61] - Adding welcome page template: index
2019-04-11 11:31:53,227 [INFO ] [restartedMain] - org.springframework.boot.devtools.autoconfigure.OptionalLiveReloadServer.startServer[OptionalLiveReloadServer.java:57] - LiveReload server is running on port 35729
2019-04-11 11:31:53,238 [INFO ] [restartedMain] - org.springframework.boot.actuate.endpoint.web.EndpointLinksResolver.<init>[EndpointLinksResolver.java:59] - Exposing 2 endpoint(s) beneath base path '/actuator'
2019-04-11 11:31:53,321 [INFO ] [restartedMain] - org.apache.juli.logging.DirectJDKLog.log[DirectJDKLog.java:173] - Starting ProtocolHandler ["http-nio-8888"]
2019-04-11 11:31:53,358 [INFO ] [restartedMain] - org.springframework.boot.web.embedded.tomcat.TomcatWebServer.start[TomcatWebServer.java:204] - Tomcat started on port(s): 8888 (http) with context path ''
2019-04-11 11:31:53,360 [INFO ] [restartedMain] - org.springframework.boot.StartupInfoLogger.logStarted[StartupInfoLogger.java:59] - Started AmisRestApplication in 6.192 seconds (JVM running for 8.618)
2019-04-11 11:31:53,610 [INFO ] [RMI TCP Connection(3)-172.16.16.19] - org.apache.juli.logging.DirectJDKLog.log[DirectJDKLog.java:173] - Initializing Spring DispatcherServlet 'dispatcherServlet'
2019-04-11 11:31:53,610 [INFO ] [RMI TCP Connection(3)-172.16.16.19] - org.springframework.web.servlet.FrameworkServlet.initServletBean[FrameworkServlet.java:524] - Initializing Servlet 'dispatcherServlet'
2019-04-11 11:31:53,625 [INFO ] [RMI TCP Connection(3)-172.16.16.19] - org.springframework.web.servlet.FrameworkServlet.initServletBean[FrameworkServlet.java:546] - Completed initialization in 14 ms
2019-04-11 13:09:21,683 [INFO ] [restartedMain] - org.springframework.boot.StartupInfoLogger.logStarting[StartupInfoLogger.java:50] - Starting AmisRestApplication on LAPTOP-OKPFJSSL with PID 11068 (D:\IdeaProjects\amisbuild001\amis-rest\target\classes started by 86130 in D:\IdeaProjects\amisbuild001)
2019-04-11 13:09:21,685 [INFO ] [restartedMain] - org.springframework.boot.SpringApplication.logStartupProfileInfo[SpringApplication.java:675] - No active profile set, falling back to default profiles: default
2019-04-11 13:09:21,778 [INFO ] [restartedMain] - org.springframework.boot.logging.DeferredLog.logTo[DeferredLog.java:227] - Devtools property defaults active! Set 'spring.devtools.add-properties' to 'false' to disable
2019-04-11 13:09:21,778 [INFO ] [restartedMain] - org.springframework.boot.logging.DeferredLog.logTo[DeferredLog.java:227] - For additional web related logging consider setting the 'logging.level.web' property to 'DEBUG'
2019-04-11 13:09:23,021 [INFO ] [restartedMain] - org.springframework.boot.web.embedded.tomcat.TomcatWebServer.initialize[TomcatWebServer.java:90] - Tomcat initialized with port(s): 8888 (http)
2019-04-11 13:09:23,021 [INFO ] [restartedMain] - org.apache.juli.logging.DirectJDKLog.log[DirectJDKLog.java:173] - Initializing ProtocolHandler ["http-nio-8888"]
2019-04-11 13:09:23,036 [INFO ] [restartedMain] - org.apache.juli.logging.DirectJDKLog.log[DirectJDKLog.java:173] - Starting service [Tomcat]
2019-04-11 13:09:23,036 [INFO ] [restartedMain] - org.apache.juli.logging.DirectJDKLog.log[DirectJDKLog.java:173] - Starting Servlet engine: [Apache Tomcat/9.0.16]
2019-04-11 13:09:23,036 [INFO ] [restartedMain] - org.apache.juli.logging.DirectJDKLog.log[DirectJDKLog.java:173] - Loaded APR based Apache Tomcat Native library [1.2.21] using APR version [1.6.5].
2019-04-11 13:09:23,036 [INFO ] [restartedMain] - org.apache.juli.logging.DirectJDKLog.log[DirectJDKLog.java:173] - APR capabilities: IPv6 [true], sendfile [true], accept filters [false], random [true].
2019-04-11 13:09:23,036 [INFO ] [restartedMain] - org.apache.juli.logging.DirectJDKLog.log[DirectJDKLog.java:173] - APR/OpenSSL configuration: useAprConnector [false], useOpenSSL [true]
2019-04-11 13:09:23,036 [INFO ] [restartedMain] - org.apache.juli.logging.DirectJDKLog.log[DirectJDKLog.java:173] - OpenSSL successfully initialized [OpenSSL 1.1.1a  20 Nov 2018]
2019-04-11 13:09:23,163 [INFO ] [restartedMain] - org.apache.juli.logging.DirectJDKLog.log[DirectJDKLog.java:173] - Initializing Spring embedded WebApplicationContext
2019-04-11 13:09:23,163 [INFO ] [restartedMain] - org.springframework.boot.web.servlet.context.ServletWebServerApplicationContext.prepareWebApplicationContext[ServletWebServerApplicationContext.java:296] - Root WebApplicationContext: initialization completed in 1385 ms
2019-04-11 13:09:23,824 [INFO ] [restartedMain] - org.springframework.scheduling.concurrent.ExecutorConfigurationSupport.initialize[ExecutorConfigurationSupport.java:171] - Initializing ExecutorService 'applicationTaskExecutor'
2019-04-11 13:09:23,933 [INFO ] [restartedMain] - org.springframework.boot.autoconfigure.web.servlet.WelcomePageHandlerMapping.<init>[WelcomePageHandlerMapping.java:61] - Adding welcome page template: index
2019-04-11 13:09:24,460 [INFO ] [restartedMain] - org.springframework.boot.devtools.autoconfigure.OptionalLiveReloadServer.startServer[OptionalLiveReloadServer.java:57] - LiveReload server is running on port 35729
2019-04-11 13:09:24,460 [INFO ] [restartedMain] - org.springframework.boot.actuate.endpoint.web.EndpointLinksResolver.<init>[EndpointLinksResolver.java:59] - Exposing 2 endpoint(s) beneath base path '/actuator'
2019-04-11 13:09:24,524 [INFO ] [restartedMain] - org.apache.juli.logging.DirectJDKLog.log[DirectJDKLog.java:173] - Starting ProtocolHandler ["http-nio-8888"]
2019-04-11 13:09:24,540 [INFO ] [restartedMain] - org.springframework.boot.web.embedded.tomcat.TomcatWebServer.start[TomcatWebServer.java:204] - Tomcat started on port(s): 8888 (http) with context path ''
2019-04-11 13:09:24,540 [INFO ] [restartedMain] - org.springframework.boot.StartupInfoLogger.logStarted[StartupInfoLogger.java:59] - Started AmisRestApplication in 3.371 seconds (JVM running for 4.579)
2019-04-11 13:09:24,826 [INFO ] [RMI TCP Connection(1)-172.16.16.19] - org.apache.juli.logging.DirectJDKLog.log[DirectJDKLog.java:173] - Initializing Spring DispatcherServlet 'dispatcherServlet'
2019-04-11 13:09:24,826 [INFO ] [RMI TCP Connection(1)-172.16.16.19] - org.springframework.web.servlet.FrameworkServlet.initServletBean[FrameworkServlet.java:524] - Initializing Servlet 'dispatcherServlet'
2019-04-11 13:09:24,826 [INFO ] [RMI TCP Connection(1)-172.16.16.19] - org.springframework.web.servlet.FrameworkServlet.initServletBean[FrameworkServlet.java:546] - Completed initialization in 0 ms
2019-04-11 15:08:20,334 [INFO ] [restartedMain] - org.springframework.boot.StartupInfoLogger.logStarting[StartupInfoLogger.java:50] - Starting AmisRestApplication on LAPTOP-OKPFJSSL with PID 8760 (D:\IdeaProjects\amisbuild001\amis-rest\target\classes started by 86130 in D:\IdeaProjects\amisbuild001)
2019-04-11 15:08:20,335 [INFO ] [restartedMain] - org.springframework.boot.SpringApplication.logStartupProfileInfo[SpringApplication.java:675] - No active profile set, falling back to default profiles: default
2019-04-11 15:08:20,393 [INFO ] [restartedMain] - org.springframework.boot.logging.DeferredLog.logTo[DeferredLog.java:227] - Devtools property defaults active! Set 'spring.devtools.add-properties' to 'false' to disable
2019-04-11 15:08:20,393 [INFO ] [restartedMain] - org.springframework.boot.logging.DeferredLog.logTo[DeferredLog.java:227] - For additional web related logging consider setting the 'logging.level.web' property to 'DEBUG'
2019-04-11 15:08:21,712 [INFO ] [restartedMain] - org.springframework.boot.web.embedded.tomcat.TomcatWebServer.initialize[TomcatWebServer.java:90] - Tomcat initialized with port(s): 8888 (http)
2019-04-11 15:08:21,731 [INFO ] [restartedMain] - org.apache.juli.logging.DirectJDKLog.log[DirectJDKLog.java:173] - Initializing ProtocolHandler ["http-nio-8888"]
2019-04-11 15:08:21,743 [INFO ] [restartedMain] - org.apache.juli.logging.DirectJDKLog.log[DirectJDKLog.java:173] - Starting service [Tomcat]
2019-04-11 15:08:21,744 [INFO ] [restartedMain] - org.apache.juli.logging.DirectJDKLog.log[DirectJDKLog.java:173] - Starting Servlet engine: [Apache Tomcat/9.0.16]
2019-04-11 15:08:21,752 [INFO ] [restartedMain] - org.apache.juli.logging.DirectJDKLog.log[DirectJDKLog.java:173] - Loaded APR based Apache Tomcat Native library [1.2.21] using APR version [1.6.5].
2019-04-11 15:08:21,752 [INFO ] [restartedMain] - org.apache.juli.logging.DirectJDKLog.log[DirectJDKLog.java:173] - APR capabilities: IPv6 [true], sendfile [true], accept filters [false], random [true].
2019-04-11 15:08:21,753 [INFO ] [restartedMain] - org.apache.juli.logging.DirectJDKLog.log[DirectJDKLog.java:173] - APR/OpenSSL configuration: useAprConnector [false], useOpenSSL [true]
2019-04-11 15:08:21,758 [INFO ] [restartedMain] - org.apache.juli.logging.DirectJDKLog.log[DirectJDKLog.java:173] - OpenSSL successfully initialized [OpenSSL 1.1.1a  20 Nov 2018]
2019-04-11 15:08:21,924 [INFO ] [restartedMain] - org.apache.juli.logging.DirectJDKLog.log[DirectJDKLog.java:173] - Initializing Spring embedded WebApplicationContext
2019-04-11 15:08:21,925 [INFO ] [restartedMain] - org.springframework.boot.web.servlet.context.ServletWebServerApplicationContext.prepareWebApplicationContext[ServletWebServerApplicationContext.java:296] - Root WebApplicationContext: initialization completed in 1531 ms
2019-04-11 15:08:22,890 [INFO ] [restartedMain] - org.springframework.scheduling.concurrent.ExecutorConfigurationSupport.initialize[ExecutorConfigurationSupport.java:171] - Initializing ExecutorService 'applicationTaskExecutor'
2019-04-11 15:08:23,031 [INFO ] [restartedMain] - org.springframework.boot.autoconfigure.web.servlet.WelcomePageHandlerMapping.<init>[WelcomePageHandlerMapping.java:61] - Adding welcome page template: index
2019-04-11 15:08:23,592 [INFO ] [restartedMain] - org.springframework.boot.devtools.autoconfigure.OptionalLiveReloadServer.startServer[OptionalLiveReloadServer.java:57] - LiveReload server is running on port 35729
2019-04-11 15:08:23,605 [INFO ] [restartedMain] - org.springframework.boot.actuate.endpoint.web.EndpointLinksResolver.<init>[EndpointLinksResolver.java:59] - Exposing 2 endpoint(s) beneath base path '/actuator'
2019-04-11 15:08:23,721 [INFO ] [restartedMain] - org.apache.juli.logging.DirectJDKLog.log[DirectJDKLog.java:173] - Starting ProtocolHandler ["http-nio-8888"]
2019-04-11 15:08:23,753 [INFO ] [restartedMain] - org.springframework.boot.web.embedded.tomcat.TomcatWebServer.start[TomcatWebServer.java:204] - Tomcat started on port(s): 8888 (http) with context path ''
2019-04-11 15:08:23,757 [INFO ] [restartedMain] - org.springframework.boot.StartupInfoLogger.logStarted[StartupInfoLogger.java:59] - Started AmisRestApplication in 3.939 seconds (JVM running for 5.06)
2019-04-11 15:08:24,450 [INFO ] [RMI TCP Connection(3)-172.16.16.19] - org.apache.juli.logging.DirectJDKLog.log[DirectJDKLog.java:173] - Initializing Spring DispatcherServlet 'dispatcherServlet'
2019-04-11 15:08:24,450 [INFO ] [RMI TCP Connection(3)-172.16.16.19] - org.springframework.web.servlet.FrameworkServlet.initServletBean[FrameworkServlet.java:524] - Initializing Servlet 'dispatcherServlet'
2019-04-11 15:08:24,457 [INFO ] [RMI TCP Connection(3)-172.16.16.19] - org.springframework.web.servlet.FrameworkServlet.initServletBean[FrameworkServlet.java:546] - Completed initialization in 7 ms
