2019-04-12 10:46:08,388 [INFO ] [restartedMain] - org.springframework.boot.StartupInfoLogger.logStarting[StartupInfoLogger.java:50] - Starting AmisRestApplication on LAPTOP-OKPFJSSL with PID 16228 (D:\IdeaProjects\amisbuild001\amis-rest\target\classes started by 86130 in D:\IdeaProjects\amisbuild001)
2019-04-12 10:46:08,390 [INFO ] [restartedMain] - org.springframework.boot.SpringApplication.logStartupProfileInfo[SpringApplication.java:675] - No active profile set, falling back to default profiles: default
2019-04-12 10:46:08,540 [INFO ] [restartedMain] - org.springframework.boot.logging.DeferredLog.logTo[DeferredLog.java:227] - Devtools property defaults active! Set 'spring.devtools.add-properties' to 'false' to disable
2019-04-12 10:46:08,541 [INFO ] [restartedMain] - org.springframework.boot.logging.DeferredLog.logTo[DeferredLog.java:227] - For additional web related logging consider setting the 'logging.level.web' property to 'DEBUG'
2019-04-12 10:46:11,043 [INFO ] [restartedMain] - org.springframework.boot.web.embedded.tomcat.TomcatWebServer.initialize[TomcatWebServer.java:90] - Tomcat initialized with port(s): 8888 (http)
2019-04-12 10:46:11,058 [INFO ] [restartedMain] - org.apache.juli.logging.DirectJDKLog.log[DirectJDKLog.java:173] - Initializing ProtocolHandler ["http-nio-8888"]
2019-04-12 10:46:11,088 [INFO ] [restartedMain] - org.apache.juli.logging.DirectJDKLog.log[DirectJDKLog.java:173] - Starting service [Tomcat]
2019-04-12 10:46:11,089 [INFO ] [restartedMain] - org.apache.juli.logging.DirectJDKLog.log[DirectJDKLog.java:173] - Starting Servlet engine: [Apache Tomcat/9.0.16]
2019-04-12 10:46:11,100 [INFO ] [restartedMain] - org.apache.juli.logging.DirectJDKLog.log[DirectJDKLog.java:173] - Loaded APR based Apache Tomcat Native library [1.2.21] using APR version [1.6.5].
2019-04-12 10:46:11,101 [INFO ] [restartedMain] - org.apache.juli.logging.DirectJDKLog.log[DirectJDKLog.java:173] - APR capabilities: IPv6 [true], sendfile [true], accept filters [false], random [true].
2019-04-12 10:46:11,101 [INFO ] [restartedMain] - org.apache.juli.logging.DirectJDKLog.log[DirectJDKLog.java:173] - APR/OpenSSL configuration: useAprConnector [false], useOpenSSL [true]
2019-04-12 10:46:11,167 [INFO ] [restartedMain] - org.apache.juli.logging.DirectJDKLog.log[DirectJDKLog.java:173] - OpenSSL successfully initialized [OpenSSL 1.1.1a  20 Nov 2018]
2019-04-12 10:46:11,344 [INFO ] [restartedMain] - org.apache.juli.logging.DirectJDKLog.log[DirectJDKLog.java:173] - Initializing Spring embedded WebApplicationContext
2019-04-12 10:46:11,345 [INFO ] [restartedMain] - org.springframework.boot.web.servlet.context.ServletWebServerApplicationContext.prepareWebApplicationContext[ServletWebServerApplicationContext.java:296] - Root WebApplicationContext: initialization completed in 2803 ms
2019-04-12 10:46:12,703 [INFO ] [restartedMain] - org.springframework.scheduling.concurrent.ExecutorConfigurationSupport.initialize[ExecutorConfigurationSupport.java:171] - Initializing ExecutorService 'applicationTaskExecutor'
2019-04-12 10:46:12,861 [INFO ] [restartedMain] - org.springframework.boot.autoconfigure.web.servlet.WelcomePageHandlerMapping.<init>[WelcomePageHandlerMapping.java:61] - Adding welcome page template: index
2019-04-12 10:46:13,583 [INFO ] [restartedMain] - org.springframework.boot.devtools.autoconfigure.OptionalLiveReloadServer.startServer[OptionalLiveReloadServer.java:57] - LiveReload server is running on port 35729
2019-04-12 10:46:13,595 [INFO ] [restartedMain] - org.springframework.boot.actuate.endpoint.web.EndpointLinksResolver.<init>[EndpointLinksResolver.java:59] - Exposing 2 endpoint(s) beneath base path '/actuator'
2019-04-12 10:46:13,669 [INFO ] [restartedMain] - org.apache.juli.logging.DirectJDKLog.log[DirectJDKLog.java:173] - Starting ProtocolHandler ["http-nio-8888"]
2019-04-12 10:46:13,694 [INFO ] [restartedMain] - org.springframework.boot.web.embedded.tomcat.TomcatWebServer.start[TomcatWebServer.java:204] - Tomcat started on port(s): 8888 (http) with context path ''
2019-04-12 10:46:13,698 [INFO ] [restartedMain] - org.springframework.boot.StartupInfoLogger.logStarted[StartupInfoLogger.java:59] - Started AmisRestApplication in 6.302 seconds (JVM running for 8.164)
2019-04-12 10:46:15,295 [INFO ] [RMI TCP Connection(7)-172.16.17.30] - org.apache.juli.logging.DirectJDKLog.log[DirectJDKLog.java:173] - Initializing Spring DispatcherServlet 'dispatcherServlet'
2019-04-12 10:46:15,296 [INFO ] [RMI TCP Connection(7)-172.16.17.30] - org.springframework.web.servlet.FrameworkServlet.initServletBean[FrameworkServlet.java:524] - Initializing Servlet 'dispatcherServlet'
2019-04-12 10:46:15,306 [INFO ] [RMI TCP Connection(7)-172.16.17.30] - org.springframework.web.servlet.FrameworkServlet.initServletBean[FrameworkServlet.java:546] - Completed initialization in 9 ms
2019-04-12 10:52:58,929 [INFO ] [Thread-17] - org.springframework.scheduling.concurrent.ExecutorConfigurationSupport.shutdown[ExecutorConfigurationSupport.java:208] - Shutting down ExecutorService 'applicationTaskExecutor'
2019-04-12 10:52:59,966 [INFO ] [restartedMain] - org.springframework.boot.StartupInfoLogger.logStarting[StartupInfoLogger.java:50] - Starting AmisRestApplication on LAPTOP-OKPFJSSL with PID 16228 (D:\IdeaProjects\amisbuild001\amis-rest\target\classes started by 86130 in D:\IdeaProjects\amisbuild001)
2019-04-12 10:52:59,966 [INFO ] [restartedMain] - org.springframework.boot.SpringApplication.logStartupProfileInfo[SpringApplication.java:675] - No active profile set, falling back to default profiles: default
2019-04-12 10:53:01,260 [INFO ] [restartedMain] - org.springframework.boot.web.embedded.tomcat.TomcatWebServer.initialize[TomcatWebServer.java:90] - Tomcat initialized with port(s): 8888 (http)
2019-04-12 10:53:01,265 [INFO ] [restartedMain] - org.apache.juli.logging.DirectJDKLog.log[DirectJDKLog.java:173] - Initializing ProtocolHandler ["http-nio-8888"]
2019-04-12 10:53:01,267 [INFO ] [restartedMain] - org.apache.juli.logging.DirectJDKLog.log[DirectJDKLog.java:173] - Starting service [Tomcat]
2019-04-12 10:53:01,268 [INFO ] [restartedMain] - org.apache.juli.logging.DirectJDKLog.log[DirectJDKLog.java:173] - Starting Servlet engine: [Apache Tomcat/9.0.16]
2019-04-12 10:53:01,269 [INFO ] [restartedMain] - org.apache.juli.logging.DirectJDKLog.log[DirectJDKLog.java:173] - Loaded APR based Apache Tomcat Native library [1.2.21] using APR version [1.6.5].
2019-04-12 10:53:01,270 [INFO ] [restartedMain] - org.apache.juli.logging.DirectJDKLog.log[DirectJDKLog.java:173] - APR capabilities: IPv6 [true], sendfile [true], accept filters [false], random [true].
2019-04-12 10:53:01,271 [INFO ] [restartedMain] - org.apache.juli.logging.DirectJDKLog.log[DirectJDKLog.java:173] - APR/OpenSSL configuration: useAprConnector [false], useOpenSSL [true]
2019-04-12 10:53:01,272 [INFO ] [restartedMain] - org.apache.juli.logging.DirectJDKLog.log[DirectJDKLog.java:173] - OpenSSL successfully initialized [OpenSSL 1.1.1a  20 Nov 2018]
2019-04-12 10:53:01,435 [INFO ] [restartedMain] - org.apache.juli.logging.DirectJDKLog.log[DirectJDKLog.java:173] - Initializing Spring embedded WebApplicationContext
2019-04-12 10:53:01,436 [INFO ] [restartedMain] - org.springframework.boot.web.servlet.context.ServletWebServerApplicationContext.prepareWebApplicationContext[ServletWebServerApplicationContext.java:296] - Root WebApplicationContext: initialization completed in 1466 ms
2019-04-12 10:53:01,930 [WARN ] [restartedMain] - org.springframework.context.support.AbstractApplicationContext.refresh[AbstractApplicationContext.java:557] - Exception encountered during context initialization - cancelling refresh attempt: org.springframework.beans.factory.UnsatisfiedDependencyException: Error creating bean with name 'adminController': Unsatisfied dependency expressed through field 'adminService'; nested exception is org.springframework.beans.factory.BeanCreationException: Error creating bean with name 'adminServiceImpl': Lookup method resolution failed; nested exception is java.lang.IllegalStateException: Failed to introspect Class [com.amis.service.impl.AdminServiceImpl] from ClassLoader [org.springframework.boot.devtools.restart.classloader.RestartClassLoader@45755410]
2019-04-12 10:53:01,932 [INFO ] [restartedMain] - org.apache.juli.logging.DirectJDKLog.log[DirectJDKLog.java:173] - Stopping service [Tomcat]
2019-04-12 10:53:02,004 [ERROR] [restartedMain] - org.springframework.boot.SpringApplication.reportFailure[SpringApplication.java:858] - Application run failed
org.springframework.beans.factory.UnsatisfiedDependencyException: Error creating bean with name 'adminController': Unsatisfied dependency expressed through field 'adminService'; nested exception is org.springframework.beans.factory.BeanCreationException: Error creating bean with name 'adminServiceImpl': Lookup method resolution failed; nested exception is java.lang.IllegalStateException: Failed to introspect Class [com.amis.service.impl.AdminServiceImpl] from ClassLoader [org.springframework.boot.devtools.restart.classloader.RestartClassLoader@45755410]
	at org.springframework.beans.factory.annotation.AutowiredAnnotationBeanPostProcessor$AutowiredFieldElement.inject(AutowiredAnnotationBeanPostProcessor.java:596)
	at org.springframework.beans.factory.annotation.InjectionMetadata.inject(InjectionMetadata.java:90)
	at org.springframework.beans.factory.annotation.AutowiredAnnotationBeanPostProcessor.postProcessProperties(AutowiredAnnotationBeanPostProcessor.java:374)
	at org.springframework.beans.factory.support.AbstractAutowireCapableBeanFactory.populateBean(AbstractAutowireCapableBeanFactory.java:1395)
	at org.springframework.beans.factory.support.AbstractAutowireCapableBeanFactory.doCreateBean(AbstractAutowireCapableBeanFactory.java:592)
	at org.springframework.beans.factory.support.AbstractAutowireCapableBeanFactory.createBean(AbstractAutowireCapableBeanFactory.java:515)
	at org.springframework.beans.factory.support.AbstractBeanFactory.lambda$doGetBean$0(AbstractBeanFactory.java:320)
	at org.springframework.beans.factory.support.DefaultSingletonBeanRegistry.getSingleton(DefaultSingletonBeanRegistry.java:222)
	at org.springframework.beans.factory.support.AbstractBeanFactory.doGetBean(AbstractBeanFactory.java:318)
	at org.springframework.beans.factory.support.AbstractBeanFactory.getBean(AbstractBeanFactory.java:199)
	at org.springframework.beans.factory.support.DefaultListableBeanFactory.preInstantiateSingletons(DefaultListableBeanFactory.java:849)
	at org.springframework.context.support.AbstractApplicationContext.finishBeanFactoryInitialization(AbstractApplicationContext.java:877)
	at org.springframework.context.support.AbstractApplicationContext.refresh(AbstractApplicationContext.java:549)
	at org.springframework.boot.web.servlet.context.ServletWebServerApplicationContext.refresh(ServletWebServerApplicationContext.java:142)
	at org.springframework.boot.SpringApplication.refresh(SpringApplication.java:775)
	at org.springframework.boot.SpringApplication.refreshContext(SpringApplication.java:397)
	at org.springframework.boot.SpringApplication.run(SpringApplication.java:316)
	at org.springframework.boot.SpringApplication.run(SpringApplication.java:1260)
	at org.springframework.boot.SpringApplication.run(SpringApplication.java:1248)
	at com.amis.AmisRestApplication.main(AmisRestApplication.java:12)
	at sun.reflect.NativeMethodAccessorImpl.invoke0(Native Method)
	at sun.reflect.NativeMethodAccessorImpl.invoke(NativeMethodAccessorImpl.java:62)
	at sun.reflect.DelegatingMethodAccessorImpl.invoke(DelegatingMethodAccessorImpl.java:43)
	at java.lang.reflect.Method.invoke(Method.java:498)
	at org.springframework.boot.devtools.restart.RestartLauncher.run(RestartLauncher.java:49)
Caused by: org.springframework.beans.factory.BeanCreationException: Error creating bean with name 'adminServiceImpl': Lookup method resolution failed; nested exception is java.lang.IllegalStateException: Failed to introspect Class [com.amis.service.impl.AdminServiceImpl] from ClassLoader [org.springframework.boot.devtools.restart.classloader.RestartClassLoader@45755410]
	at org.springframework.beans.factory.annotation.AutowiredAnnotationBeanPostProcessor.determineCandidateConstructors(AutowiredAnnotationBeanPostProcessor.java:265)
	at org.springframework.beans.factory.support.AbstractAutowireCapableBeanFactory.determineConstructorsFromBeanPostProcessors(AbstractAutowireCapableBeanFactory.java:1253)
	at org.springframework.beans.factory.support.AbstractAutowireCapableBeanFactory.createBeanInstance(AbstractAutowireCapableBeanFactory.java:1168)
	at org.springframework.beans.factory.support.AbstractAutowireCapableBeanFactory.doCreateBean(AbstractAutowireCapableBeanFactory.java:555)
	at org.springframework.beans.factory.support.AbstractAutowireCapableBeanFactory.createBean(AbstractAutowireCapableBeanFactory.java:515)
	at org.springframework.beans.factory.support.AbstractBeanFactory.lambda$doGetBean$0(AbstractBeanFactory.java:320)
	at org.springframework.beans.factory.support.DefaultSingletonBeanRegistry.getSingleton(DefaultSingletonBeanRegistry.java:222)
	at org.springframework.beans.factory.support.AbstractBeanFactory.doGetBean(AbstractBeanFactory.java:318)
	at org.springframework.beans.factory.support.AbstractBeanFactory.getBean(AbstractBeanFactory.java:199)
	at org.springframework.beans.factory.config.DependencyDescriptor.resolveCandidate(DependencyDescriptor.java:277)
	at org.springframework.beans.factory.support.DefaultListableBeanFactory.doResolveDependency(DefaultListableBeanFactory.java:1247)
	at org.springframework.beans.factory.support.DefaultListableBeanFactory.resolveDependency(DefaultListableBeanFactory.java:1167)
	at org.springframework.beans.factory.annotation.AutowiredAnnotationBeanPostProcessor$AutowiredFieldElement.inject(AutowiredAnnotationBeanPostProcessor.java:593)
	... 24 common frames omitted
Caused by: java.lang.IllegalStateException: Failed to introspect Class [com.amis.service.impl.AdminServiceImpl] from ClassLoader [org.springframework.boot.devtools.restart.classloader.RestartClassLoader@45755410]
	at org.springframework.util.ReflectionUtils.getDeclaredMethods(ReflectionUtils.java:686)
	at org.springframework.util.ReflectionUtils.doWithMethods(ReflectionUtils.java:583)
	at org.springframework.util.ReflectionUtils.doWithMethods(ReflectionUtils.java:568)
	at org.springframework.beans.factory.annotation.AutowiredAnnotationBeanPostProcessor.determineCandidateConstructors(AutowiredAnnotationBeanPostProcessor.java:248)
	... 36 common frames omitted
Caused by: java.lang.NoClassDefFoundError: com/amis/entity/Users
	at java.lang.Class.getDeclaredMethods0(Native Method)
	at java.lang.Class.privateGetDeclaredMethods(Class.java:2701)
	at java.lang.Class.getDeclaredMethods(Class.java:1975)
	at org.springframework.util.ReflectionUtils.getDeclaredMethods(ReflectionUtils.java:668)
	... 39 common frames omitted
Caused by: java.lang.ClassNotFoundException: com.amis.entity.Users
	at java.net.URLClassLoader.findClass(URLClassLoader.java:382)
	at java.lang.ClassLoader.loadClass(ClassLoader.java:424)
	at sun.misc.Launcher$AppClassLoader.loadClass(Launcher.java:349)
	at java.lang.ClassLoader.loadClass(ClassLoader.java:357)
	at org.springframework.boot.devtools.restart.classloader.RestartClassLoader.loadClass(RestartClassLoader.java:148)
	at java.lang.ClassLoader.loadClass(ClassLoader.java:357)
	... 43 common frames omitted
2019-04-12 10:53:36,177 [INFO ] [restartedMain] - org.springframework.boot.StartupInfoLogger.logStarting[StartupInfoLogger.java:50] - Starting AmisRestApplication on LAPTOP-OKPFJSSL with PID 16228 (D:\IdeaProjects\amisbuild001\amis-rest\target\classes started by 86130 in D:\IdeaProjects\amisbuild001)
2019-04-12 10:53:36,177 [INFO ] [restartedMain] - org.springframework.boot.SpringApplication.logStartupProfileInfo[SpringApplication.java:675] - No active profile set, falling back to default profiles: default
2019-04-12 10:53:37,548 [INFO ] [restartedMain] - org.springframework.boot.web.embedded.tomcat.TomcatWebServer.initialize[TomcatWebServer.java:90] - Tomcat initialized with port(s): 8888 (http)
2019-04-12 10:53:37,550 [INFO ] [restartedMain] - org.apache.juli.logging.DirectJDKLog.log[DirectJDKLog.java:173] - Initializing ProtocolHandler ["http-nio-8888"]
2019-04-12 10:53:37,552 [INFO ] [restartedMain] - org.apache.juli.logging.DirectJDKLog.log[DirectJDKLog.java:173] - Starting service [Tomcat]
2019-04-12 10:53:37,552 [INFO ] [restartedMain] - org.apache.juli.logging.DirectJDKLog.log[DirectJDKLog.java:173] - Starting Servlet engine: [Apache Tomcat/9.0.16]
2019-04-12 10:53:37,554 [INFO ] [restartedMain] - org.apache.juli.logging.DirectJDKLog.log[DirectJDKLog.java:173] - Loaded APR based Apache Tomcat Native library [1.2.21] using APR version [1.6.5].
2019-04-12 10:53:37,554 [INFO ] [restartedMain] - org.apache.juli.logging.DirectJDKLog.log[DirectJDKLog.java:173] - APR capabilities: IPv6 [true], sendfile [true], accept filters [false], random [true].
2019-04-12 10:53:37,555 [INFO ] [restartedMain] - org.apache.juli.logging.DirectJDKLog.log[DirectJDKLog.java:173] - APR/OpenSSL configuration: useAprConnector [false], useOpenSSL [true]
2019-04-12 10:53:37,556 [INFO ] [restartedMain] - org.apache.juli.logging.DirectJDKLog.log[DirectJDKLog.java:173] - OpenSSL successfully initialized [OpenSSL 1.1.1a  20 Nov 2018]
2019-04-12 10:53:37,715 [INFO ] [restartedMain] - org.apache.juli.logging.DirectJDKLog.log[DirectJDKLog.java:173] - Initializing Spring embedded WebApplicationContext
2019-04-12 10:53:37,716 [INFO ] [restartedMain] - org.springframework.boot.web.servlet.context.ServletWebServerApplicationContext.prepareWebApplicationContext[ServletWebServerApplicationContext.java:296] - Root WebApplicationContext: initialization completed in 1535 ms
2019-04-12 10:53:38,412 [INFO ] [restartedMain] - org.springframework.scheduling.concurrent.ExecutorConfigurationSupport.initialize[ExecutorConfigurationSupport.java:171] - Initializing ExecutorService 'applicationTaskExecutor'
2019-04-12 10:53:38,520 [INFO ] [restartedMain] - org.springframework.boot.autoconfigure.web.servlet.WelcomePageHandlerMapping.<init>[WelcomePageHandlerMapping.java:61] - Adding welcome page template: index
2019-04-12 10:53:38,825 [INFO ] [restartedMain] - org.springframework.boot.devtools.autoconfigure.OptionalLiveReloadServer.startServer[OptionalLiveReloadServer.java:57] - LiveReload server is running on port 35729
2019-04-12 10:53:38,837 [INFO ] [restartedMain] - org.springframework.boot.actuate.endpoint.web.EndpointLinksResolver.<init>[EndpointLinksResolver.java:59] - Exposing 2 endpoint(s) beneath base path '/actuator'
2019-04-12 10:53:38,905 [INFO ] [restartedMain] - org.apache.juli.logging.DirectJDKLog.log[DirectJDKLog.java:173] - Starting ProtocolHandler ["http-nio-8888"]
2019-04-12 10:53:38,915 [INFO ] [restartedMain] - org.springframework.boot.web.embedded.tomcat.TomcatWebServer.start[TomcatWebServer.java:204] - Tomcat started on port(s): 8888 (http) with context path ''
2019-04-12 10:53:38,917 [INFO ] [restartedMain] - org.springframework.boot.StartupInfoLogger.logStarted[StartupInfoLogger.java:59] - Started AmisRestApplication in 2.805 seconds (JVM running for 453.383)
2019-04-12 10:53:38,923 [INFO ] [restartedMain] - org.springframework.boot.devtools.autoconfigure.ConditionEvaluationDeltaLoggingListener.onApplicationEvent[ConditionEvaluationDeltaLoggingListener.java:70] - Condition evaluation unchanged
2019-04-12 10:55:31,976 [INFO ] [restartedMain] - org.springframework.boot.StartupInfoLogger.logStarting[StartupInfoLogger.java:50] - Starting AmisRestApplication on LAPTOP-OKPFJSSL with PID 7628 (D:\IdeaProjects\amisbuild001\amis-rest\target\classes started by 86130 in D:\IdeaProjects\amisbuild001)
2019-04-12 10:55:31,977 [INFO ] [restartedMain] - org.springframework.boot.SpringApplication.logStartupProfileInfo[SpringApplication.java:675] - No active profile set, falling back to default profiles: default
2019-04-12 10:55:32,042 [INFO ] [restartedMain] - org.springframework.boot.logging.DeferredLog.logTo[DeferredLog.java:227] - Devtools property defaults active! Set 'spring.devtools.add-properties' to 'false' to disable
2019-04-12 10:55:32,043 [INFO ] [restartedMain] - org.springframework.boot.logging.DeferredLog.logTo[DeferredLog.java:227] - For additional web related logging consider setting the 'logging.level.web' property to 'DEBUG'
2019-04-12 10:55:33,875 [INFO ] [restartedMain] - org.springframework.boot.web.embedded.tomcat.TomcatWebServer.initialize[TomcatWebServer.java:90] - Tomcat initialized with port(s): 8888 (http)
2019-04-12 10:55:33,888 [INFO ] [restartedMain] - org.apache.juli.logging.DirectJDKLog.log[DirectJDKLog.java:173] - Initializing ProtocolHandler ["http-nio-8888"]
2019-04-12 10:55:33,896 [INFO ] [restartedMain] - org.apache.juli.logging.DirectJDKLog.log[DirectJDKLog.java:173] - Starting service [Tomcat]
2019-04-12 10:55:33,897 [INFO ] [restartedMain] - org.apache.juli.logging.DirectJDKLog.log[DirectJDKLog.java:173] - Starting Servlet engine: [Apache Tomcat/9.0.16]
2019-04-12 10:55:33,902 [INFO ] [restartedMain] - org.apache.juli.logging.DirectJDKLog.log[DirectJDKLog.java:173] - Loaded APR based Apache Tomcat Native library [1.2.21] using APR version [1.6.5].
2019-04-12 10:55:33,903 [INFO ] [restartedMain] - org.apache.juli.logging.DirectJDKLog.log[DirectJDKLog.java:173] - APR capabilities: IPv6 [true], sendfile [true], accept filters [false], random [true].
2019-04-12 10:55:33,903 [INFO ] [restartedMain] - org.apache.juli.logging.DirectJDKLog.log[DirectJDKLog.java:173] - APR/OpenSSL configuration: useAprConnector [false], useOpenSSL [true]
2019-04-12 10:55:33,906 [INFO ] [restartedMain] - org.apache.juli.logging.DirectJDKLog.log[DirectJDKLog.java:173] - OpenSSL successfully initialized [OpenSSL 1.1.1a  20 Nov 2018]
2019-04-12 10:55:34,101 [INFO ] [restartedMain] - org.apache.juli.logging.DirectJDKLog.log[DirectJDKLog.java:173] - Initializing Spring embedded WebApplicationContext
2019-04-12 10:55:34,102 [INFO ] [restartedMain] - org.springframework.boot.web.servlet.context.ServletWebServerApplicationContext.prepareWebApplicationContext[ServletWebServerApplicationContext.java:296] - Root WebApplicationContext: initialization completed in 2059 ms
2019-04-12 10:55:35,033 [INFO ] [restartedMain] - org.springframework.scheduling.concurrent.ExecutorConfigurationSupport.initialize[ExecutorConfigurationSupport.java:171] - Initializing ExecutorService 'applicationTaskExecutor'
2019-04-12 10:55:35,177 [INFO ] [restartedMain] - org.springframework.boot.autoconfigure.web.servlet.WelcomePageHandlerMapping.<init>[WelcomePageHandlerMapping.java:61] - Adding welcome page template: index
2019-04-12 10:55:35,723 [INFO ] [restartedMain] - org.springframework.boot.devtools.autoconfigure.OptionalLiveReloadServer.startServer[OptionalLiveReloadServer.java:57] - LiveReload server is running on port 35729
2019-04-12 10:55:35,732 [INFO ] [restartedMain] - org.springframework.boot.actuate.endpoint.web.EndpointLinksResolver.<init>[EndpointLinksResolver.java:59] - Exposing 2 endpoint(s) beneath base path '/actuator'
2019-04-12 10:55:35,827 [INFO ] [restartedMain] - org.apache.juli.logging.DirectJDKLog.log[DirectJDKLog.java:173] - Starting ProtocolHandler ["http-nio-8888"]
2019-04-12 10:55:35,848 [INFO ] [restartedMain] - org.springframework.boot.web.embedded.tomcat.TomcatWebServer.start[TomcatWebServer.java:204] - Tomcat started on port(s): 8888 (http) with context path ''
2019-04-12 10:55:35,851 [INFO ] [restartedMain] - org.springframework.boot.StartupInfoLogger.logStarted[StartupInfoLogger.java:59] - Started AmisRestApplication in 4.604 seconds (JVM running for 5.852)
2019-04-12 10:55:37,201 [INFO ] [RMI TCP Connection(6)-172.16.17.30] - org.apache.juli.logging.DirectJDKLog.log[DirectJDKLog.java:173] - Initializing Spring DispatcherServlet 'dispatcherServlet'
2019-04-12 10:55:37,201 [INFO ] [RMI TCP Connection(6)-172.16.17.30] - org.springframework.web.servlet.FrameworkServlet.initServletBean[FrameworkServlet.java:524] - Initializing Servlet 'dispatcherServlet'
2019-04-12 10:55:37,215 [INFO ] [RMI TCP Connection(6)-172.16.17.30] - org.springframework.web.servlet.FrameworkServlet.initServletBean[FrameworkServlet.java:546] - Completed initialization in 13 ms
