2019-03-04 20:08:57,470 [INFO ] [main] - org.springframework.boot.StartupInfoLogger.logStarting[StartupInfoLogger.java:50] - Starting AmisRestApplication on LAPTOP-OKPFJSSL with PID 5716 (D:\IdeaProjects\amisbuild001\amis-rest\target\classes started by 86130 in D:\IdeaProjects\amisbuild001)
2019-03-04 20:08:57,472 [INFO ] [main] - org.springframework.boot.SpringApplication.logStartupProfileInfo[SpringApplication.java:675] - No active profile set, falling back to default profiles: default
2019-03-04 20:08:58,759 [INFO ] [main] - org.springframework.boot.web.embedded.tomcat.TomcatWebServer.initialize[TomcatWebServer.java:90] - Tomcat initialized with port(s): 8888 (http)
2019-03-04 20:08:58,775 [INFO ] [main] - org.apache.juli.logging.DirectJDKLog.log[DirectJDKLog.java:173] - Initializing ProtocolHandler ["http-nio-8888"]
2019-03-04 20:08:58,783 [INFO ] [main] - org.apache.juli.logging.DirectJDKLog.log[DirectJDKLog.java:173] - Starting service [Tomcat]
2019-03-04 20:08:58,783 [INFO ] [main] - org.apache.juli.logging.DirectJDKLog.log[DirectJDKLog.java:173] - Starting Servlet engine: [Apache Tomcat/9.0.16]
2019-03-04 20:08:58,790 [INFO ] [main] - org.apache.juli.logging.DirectJDKLog.log[DirectJDKLog.java:173] - The APR based Apache Tomcat Native library which allows optimal performance in production environments was not found on the java.library.path: [D:\Java\jdk1.8.0_201\bin;C:\Windows\Sun\Java\bin;C:\Windows\system32;C:\Windows;C:\Program Files (x86)\Common Files\Oracle\Java\javapath;C:\Program Files (x86)\Intel\Intel(R) Management Engine Components\iCLS\;C:\Program Files\Intel\Intel(R) Management Engine Components\iCLS\;C:\Windows\system32;C:\Windows;C:\Windows\System32\Wbem;C:\Windows\System32\WindowsPowerShell\v1.0\;C:\Windows\System32\OpenSSH\;C:\Program Files (x86)\Intel\Intel(R) Management Engine Components\DAL;C:\Program Files\Intel\Intel(R) Management Engine Components\DAL;"D:\Java\jdk1.8.0_201\bin;D:\Java\jdk1.8.0_201\jre\bin";D:\mysql-5.7.25-winx64\bin;%CATALINA_HOME%\bin;%MAVEN_HOME%\bin;C:\Users\86130\AppData\Local\Microsoft\WindowsApps;;.]
2019-03-04 20:08:58,952 [INFO ] [main] - org.apache.juli.logging.DirectJDKLog.log[DirectJDKLog.java:173] - Initializing Spring embedded WebApplicationContext
2019-03-04 20:08:58,953 [INFO ] [main] - org.springframework.boot.web.servlet.context.ServletWebServerApplicationContext.prepareWebApplicationContext[ServletWebServerApplicationContext.java:296] - Root WebApplicationContext: initialization completed in 1399 ms
2019-03-04 20:08:59,679 [INFO ] [main] - org.springframework.scheduling.concurrent.ExecutorConfigurationSupport.initialize[ExecutorConfigurationSupport.java:171] - Initializing ExecutorService 'applicationTaskExecutor'
2019-03-04 20:08:59,991 [INFO ] [main] - org.apache.juli.logging.DirectJDKLog.log[DirectJDKLog.java:173] - Starting ProtocolHandler ["http-nio-8888"]
2019-03-04 20:09:00,019 [INFO ] [main] - org.springframework.boot.web.embedded.tomcat.TomcatWebServer.start[TomcatWebServer.java:204] - Tomcat started on port(s): 8888 (http) with context path ''
2019-03-04 20:09:00,024 [INFO ] [main] - org.springframework.boot.StartupInfoLogger.logStarted[StartupInfoLogger.java:59] - Started AmisRestApplication in 3.093 seconds (JVM running for 4.405)
2019-03-04 20:10:49,133 [INFO ] [http-nio-8888-exec-3] - org.apache.juli.logging.DirectJDKLog.log[DirectJDKLog.java:173] - Initializing Spring DispatcherServlet 'dispatcherServlet'
2019-03-04 20:10:49,135 [INFO ] [http-nio-8888-exec-3] - org.springframework.web.servlet.FrameworkServlet.initServletBean[FrameworkServlet.java:524] - Initializing Servlet 'dispatcherServlet'
2019-03-04 20:10:49,148 [INFO ] [http-nio-8888-exec-3] - org.springframework.web.servlet.FrameworkServlet.initServletBean[FrameworkServlet.java:546] - Completed initialization in 13 ms
2019-03-04 20:10:49,276 [INFO ] [http-nio-8888-exec-3] - com.amis.controller.user.UserController.say[UserController.java:38] - ==========print log==========
2019-03-04 20:11:26,859 [INFO ] [http-nio-8888-exec-2] - com.amis.controller.user.UserController.say[UserController.java:38] - ==========print log==========
2019-03-04 20:11:38,388 [INFO ] [main] - org.springframework.boot.StartupInfoLogger.logStarting[StartupInfoLogger.java:50] - Starting AmisRestApplication on LAPTOP-OKPFJSSL with PID 10220 (D:\IdeaProjects\amisbuild001\amis-rest\target\classes started by 86130 in D:\IdeaProjects\amisbuild001)
2019-03-04 20:11:38,390 [INFO ] [main] - org.springframework.boot.SpringApplication.logStartupProfileInfo[SpringApplication.java:675] - No active profile set, falling back to default profiles: default
2019-03-04 20:11:39,294 [INFO ] [main] - org.springframework.boot.web.embedded.tomcat.TomcatWebServer.initialize[TomcatWebServer.java:90] - Tomcat initialized with port(s): 8888 (http)
2019-03-04 20:11:39,304 [INFO ] [main] - org.apache.juli.logging.DirectJDKLog.log[DirectJDKLog.java:173] - Initializing ProtocolHandler ["http-nio-8888"]
2019-03-04 20:11:39,311 [INFO ] [main] - org.apache.juli.logging.DirectJDKLog.log[DirectJDKLog.java:173] - Starting service [Tomcat]
2019-03-04 20:11:39,312 [INFO ] [main] - org.apache.juli.logging.DirectJDKLog.log[DirectJDKLog.java:173] - Starting Servlet engine: [Apache Tomcat/9.0.16]
2019-03-04 20:11:39,317 [INFO ] [main] - org.apache.juli.logging.DirectJDKLog.log[DirectJDKLog.java:173] - The APR based Apache Tomcat Native library which allows optimal performance in production environments was not found on the java.library.path: [D:\Java\jdk1.8.0_201\bin;C:\Windows\Sun\Java\bin;C:\Windows\system32;C:\Windows;C:\Program Files (x86)\Common Files\Oracle\Java\javapath;C:\Program Files (x86)\Intel\Intel(R) Management Engine Components\iCLS\;C:\Program Files\Intel\Intel(R) Management Engine Components\iCLS\;C:\Windows\system32;C:\Windows;C:\Windows\System32\Wbem;C:\Windows\System32\WindowsPowerShell\v1.0\;C:\Windows\System32\OpenSSH\;C:\Program Files (x86)\Intel\Intel(R) Management Engine Components\DAL;C:\Program Files\Intel\Intel(R) Management Engine Components\DAL;"D:\Java\jdk1.8.0_201\bin;D:\Java\jdk1.8.0_201\jre\bin";D:\mysql-5.7.25-winx64\bin;%CATALINA_HOME%\bin;%MAVEN_HOME%\bin;C:\Users\86130\AppData\Local\Microsoft\WindowsApps;;.]
2019-03-04 20:11:39,458 [INFO ] [main] - org.apache.juli.logging.DirectJDKLog.log[DirectJDKLog.java:173] - Initializing Spring embedded WebApplicationContext
2019-03-04 20:11:39,458 [INFO ] [main] - org.springframework.boot.web.servlet.context.ServletWebServerApplicationContext.prepareWebApplicationContext[ServletWebServerApplicationContext.java:296] - Root WebApplicationContext: initialization completed in 1031 ms
2019-03-04 20:11:39,919 [INFO ] [main] - org.springframework.scheduling.concurrent.ExecutorConfigurationSupport.initialize[ExecutorConfigurationSupport.java:171] - Initializing ExecutorService 'applicationTaskExecutor'
2019-03-04 20:11:40,134 [INFO ] [main] - org.apache.juli.logging.DirectJDKLog.log[DirectJDKLog.java:173] - Starting ProtocolHandler ["http-nio-8888"]
2019-03-04 20:11:40,156 [INFO ] [main] - org.springframework.boot.web.embedded.tomcat.TomcatWebServer.start[TomcatWebServer.java:204] - Tomcat started on port(s): 8888 (http) with context path ''
2019-03-04 20:11:40,158 [INFO ] [main] - org.springframework.boot.StartupInfoLogger.logStarted[StartupInfoLogger.java:59] - Started AmisRestApplication in 2.286 seconds (JVM running for 3.233)
2019-03-04 20:11:47,831 [INFO ] [http-nio-8888-exec-2] - org.apache.juli.logging.DirectJDKLog.log[DirectJDKLog.java:173] - Initializing Spring DispatcherServlet 'dispatcherServlet'
2019-03-04 20:11:47,832 [INFO ] [http-nio-8888-exec-2] - org.springframework.web.servlet.FrameworkServlet.initServletBean[FrameworkServlet.java:524] - Initializing Servlet 'dispatcherServlet'
2019-03-04 20:11:47,845 [INFO ] [http-nio-8888-exec-2] - org.springframework.web.servlet.FrameworkServlet.initServletBean[FrameworkServlet.java:546] - Completed initialization in 13 ms
2019-03-04 20:11:47,999 [INFO ] [http-nio-8888-exec-2] - com.amis.controller.user.UserController.say[UserController.java:38] - ==========print log==========
